{
  "RSpec": {
    "coverage": {
      "/Users/samuelmurphy/smdevelopment/h0m1c1de/gems/rails_db_inspector/lib/rails_db_inspector.rb": {
        "lines": [
          null,
          null,
          1,
          1,
          1,
          1,
          1,
          1,
          1,
          1,
          1,
          null,
          1,
          1,
          null,
          1,
          1,
          0,
          null,
          null,
          1,
          0,
          null,
          null,
          null
        ],
        "branches": {}
      },
      "/Users/samuelmurphy/smdevelopment/h0m1c1de/gems/rails_db_inspector/lib/rails_db_inspector/engine.rb": {
        "lines": [
          null,
          null,
          1,
          null,
          1,
          1,
          1,
          null,
          1,
          0,
          0,
          null,
          null,
          1,
          0,
          0,
          0,
          null,
          0,
          null,
          null,
          null
        ],
        "branches": {
          "[:unless, 0, 10, 6, 10, 56]": {
            "[:else, 1, 10, 6, 10, 56]": 0,
            "[:then, 2, 10, 6, 10, 10]": 0
          },
          "[:unless, 3, 15, 6, 15, 56]": {
            "[:else, 4, 15, 6, 15, 56]": 0,
            "[:then, 5, 15, 6, 15, 10]": 0
          },
          "[:unless, 6, 16, 6, 16, 60]": {
            "[:else, 7, 16, 6, 16, 60]": 0,
            "[:then, 8, 16, 6, 16, 10]": 0
          },
          "[:unless, 9, 17, 6, 17, 40]": {
            "[:else, 10, 17, 6, 17, 40]": 0,
            "[:then, 11, 17, 6, 17, 10]": 0
          }
        }
      },
      "/Users/samuelmurphy/smdevelopment/h0m1c1de/gems/rails_db_inspector/lib/rails_db_inspector/dev_widget_middleware.rb": {
        "lines": [
          null,
          null,
          1,
          1,
          1,
          0,
          null,
          null,
          1,
          0,
          null,
          null,
          0,
          null,
          0,
          0,
          0,
          null,
          null,
          0,
          null,
          0,
          0,
          0,
          0,
          null,
          null,
          0,
          null,
          null,
          1,
          null,
          1,
          0,
          0,
          null,
          null,
          0,
          0,
          null,
          0,
          null,
          null,
          1,
          0,
          0,
          0,
          0,
          null,
          null,
          0,
          null,
          null,
          null,
          1,
          0,
          0,
          null,
          0,
          null,
          null,
          null,
          null,
          null,
          null,
          null,
          null,
          null,
          null,
          null,
          null,
          null,
          null,
          null,
          null,
          null,
          null,
          null,
          null,
          null,
          null,
          null,
          null,
          null,
          null,
          null,
          null,
          null,
          null,
          null,
          null,
          null,
          null,
          null,
          null,
          null,
          null,
          null,
          null,
          null,
          null,
          null,
          null,
          null,
          null,
          null,
          null,
          null,
          null,
          null,
          null,
          null,
          null,
          null,
          null,
          null,
          null,
          null,
          null,
          null,
          null,
          null,
          null,
          null,
          null,
          null,
          null,
          null,
          null,
          null,
          null,
          null,
          null,
          null,
          null,
          null,
          null,
          null,
          null,
          null,
          null,
          null,
          null,
          null,
          null
        ],
        "branches": {
          "[:unless, 0, 13, 6, 13, 83]": {
            "[:else, 1, 13, 6, 13, 83]": 0,
            "[:then, 2, 13, 6, 13, 42]": 0
          },
          "[:if, 3, 17, 6, 17, 52]": {
            "[:then, 4, 17, 6, 17, 20]": 0,
            "[:else, 5, 17, 6, 17, 52]": 0
          },
          "[:if, 6, 22, 6, 26, 9]": {
            "[:then, 7, 23, 8, 25, 54]": 0,
            "[:else, 8, 22, 6, 26, 9]": 0
          },
          "[:unless, 9, 34, 6, 34, 39]": {
            "[:else, 10, 34, 6, 34, 39]": 0,
            "[:then, 11, 34, 6, 34, 18]": 0
          },
          "[:\"&.\", 12, 35, 26, 35, 72]": {
            "[:then, 13, 35, 26, 35, 72]": 0,
            "[:else, 14, 35, 26, 35, 72]": 0
          },
          "[:unless, 15, 35, 6, 35, 72]": {
            "[:else, 16, 35, 6, 35, 72]": 0,
            "[:then, 17, 35, 6, 35, 18]": 0
          },
          "[:\"&.\", 18, 39, 36, 39, 77]": {
            "[:then, 19, 39, 36, 39, 77]": 0,
            "[:else, 20, 39, 36, 39, 77]": 0
          },
          "[:if, 21, 39, 6, 39, 77]": {
            "[:then, 22, 39, 6, 39, 18]": 0,
            "[:else, 23, 39, 6, 39, 77]": 0
          },
          "[:if, 24, 47, 10, 49, 13]": {
            "[:then, 25, 48, 12, 48, 83]": 0,
            "[:else, 26, 47, 10, 49, 13]": 0
          }
        }
      },
      "/Users/samuelmurphy/smdevelopment/h0m1c1de/gems/rails_db_inspector/lib/rails_db_inspector/configuration.rb": {
        "lines": [
          null,
          null,
          1,
          1,
          1,
          1,
          1,
          1,
          null,
          1,
          0,
          0,
          0,
          0,
          null,
          null,
          null
        ],
        "branches": {}
      },
      "/Users/samuelmurphy/smdevelopment/h0m1c1de/gems/rails_db_inspector/lib/rails_db_inspector/query_store.rb": {
        "lines": [
          null,
          null,
          1,
          1,
          1,
          null,
          1,
          1,
          1,
          null,
          1,
          null,
          null,
          null,
          null,
          null,
          null,
          null,
          null,
          null,
          null,
          1,
          0,
          0,
          0,
          null,
          null,
          1,
          0,
          null,
          null,
          null,
          null,
          null,
          null,
          null,
          null,
          null,
          0,
          0,
          0,
          0,
          null,
          null,
          0,
          null,
          null,
          1,
          0,
          null,
          null,
          1,
          0,
          null,
          null,
          1,
          0,
          0,
          0,
          null,
          null,
          null,
          1,
          null,
          1,
          0,
          0,
          0,
          null,
          0,
          0,
          0,
          null,
          null,
          1,
          0,
          null,
          0,
          0,
          0,
          0,
          0,
          null,
          0,
          null,
          null,
          null,
          null,
          null
        ],
        "branches": {
          "[:if, 0, 67, 6, 67, 24]": {
            "[:then, 1, 67, 6, 67, 12]": 0,
            "[:else, 2, 67, 6, 67, 24]": 0
          },
          "[:if, 3, 68, 6, 68, 38]": {
            "[:then, 4, 68, 6, 68, 12]": 0,
            "[:else, 5, 68, 6, 68, 38]": 0
          },
          "[:unless, 6, 76, 6, 76, 41]": {
            "[:else, 7, 76, 6, 76, 41]": 0,
            "[:then, 8, 76, 6, 76, 15]": 0
          },
          "[:if, 9, 79, 8, 85, 11]": {
            "[:then, 10, 80, 10, 80, 79]": 0,
            "[:else, 11, 81, 8, 85, 11]": 0
          },
          "[:\"&.\", 12, 80, 65, 80, 77]": {
            "[:then, 13, 80, 65, 80, 77]": 0,
            "[:else, 14, 80, 65, 80, 77]": 0
          },
          "[:if, 15, 81, 8, 85, 11]": {
            "[:then, 16, 82, 10, 82, 53]": 0,
            "[:else, 17, 84, 10, 84, 49]": 0
          }
        }
      },
      "/Users/samuelmurphy/smdevelopment/h0m1c1de/gems/rails_db_inspector/lib/rails_db_inspector/sql_subscriber.rb": {
        "lines": [
          null,
          null,
          1,
          1,
          1,
          null,
          null,
          null,
          null,
          null,
          null,
          1,
          0,
          null,
          0,
          0,
          null,
          0,
          0,
          0,
          null,
          0,
          0,
          null,
          0,
          0,
          0,
          0,
          0,
          null,
          0,
          null,
          null,
          null,
          null,
          null,
          0,
          null,
          null,
          null,
          null,
          null
        ],
        "branches": {
          "[:if, 0, 13, 6, 13, 26]": {
            "[:then, 1, 13, 6, 13, 12]": 0,
            "[:else, 2, 13, 6, 13, 26]": 0
          },
          "[:if, 3, 25, 8, 25, 32]": {
            "[:then, 4, 25, 8, 25, 12]": 0,
            "[:else, 5, 25, 8, 25, 32]": 0
          },
          "[:if, 6, 26, 8, 26, 44]": {
            "[:then, 7, 26, 8, 26, 12]": 0,
            "[:else, 8, 26, 8, 26, 44]": 0
          },
          "[:if, 9, 27, 8, 27, 55]": {
            "[:then, 10, 27, 8, 27, 12]": 0,
            "[:else, 11, 27, 8, 27, 55]": 0
          },
          "[:if, 12, 28, 8, 28, 40]": {
            "[:then, 13, 28, 8, 28, 12]": 0,
            "[:else, 14, 28, 8, 28, 40]": 0
          },
          "[:if, 15, 29, 8, 29, 32]": {
            "[:then, 16, 29, 8, 29, 12]": 0,
            "[:else, 17, 29, 8, 29, 32]": 0
          },
          "[:if, 18, 37, 22, 37, 84]": {
            "[:then, 19, 37, 47, 37, 57]": 0,
            "[:else, 20, 37, 60, 37, 84]": 0
          }
        }
      },
      "/Users/samuelmurphy/smdevelopment/h0m1c1de/gems/rails_db_inspector/lib/rails_db_inspector/explain.rb": {
        "lines": [
          null,
          null,
          1,
          1,
          1,
          1,
          null,
          1,
          0,
          null,
          0,
          null,
          0,
          null,
          0,
          null,
          0,
          null,
          null,
          null,
          1,
          0,
          null,
          0,
          null,
          null,
          null
        ],
        "branches": {
          "[:case, 0, 11, 6, 18, 9]": {
            "[:when, 1, 13, 8, 13, 59]": 0,
            "[:when, 2, 15, 8, 15, 56]": 0,
            "[:else, 3, 17, 8, 17, 83]": 0
          },
          "[:if, 4, 22, 6, 22, 47]": {
            "[:then, 5, 22, 6, 22, 12]": 0,
            "[:else, 6, 22, 6, 22, 47]": 0
          }
        }
      },
      "/Users/samuelmurphy/smdevelopment/h0m1c1de/gems/rails_db_inspector/lib/rails_db_inspector/explain/postgres.rb": {
        "lines": [
          null,
          null,
          1,
          null,
          1,
          1,
          1,
          1,
          0,
          null,
          null,
          1,
          null,
          0,
          null,
          null,
          0,
          0,
          0,
          null,
          0,
          null,
          null,
          0,
          0,
          0,
          null,
          0,
          null,
          null,
          null,
          null
        ],
        "branches": {
          "[:if, 0, 17, 10, 22, 13]": {
            "[:then, 1, 18, 12, 19, 75]": 0,
            "[:else, 2, 21, 12, 21, 48]": 0
          },
          "[:if, 3, 26, 15, 26, 56]": {
            "[:then, 4, 26, 35, 26, 50]": 0,
            "[:else, 5, 26, 53, 26, 56]": 0
          }
        }
      },
      "/Users/samuelmurphy/smdevelopment/h0m1c1de/gems/rails_db_inspector/lib/rails_db_inspector/explain/my_sql.rb": {
        "lines": [
          null,
          null,
          1,
          1,
          1,
          1,
          0,
          null,
          null,
          1,
          null,
          0,
          null,
          null,
          0,
          0,
          0,
          null,
          0,
          null,
          null,
          0,
          null,
          0,
          null,
          null,
          null,
          null
        ],
        "branches": {
          "[:if, 0, 15, 10, 20, 13]": {
            "[:then, 1, 16, 12, 17, 42]": 0,
            "[:else, 2, 19, 12, 19, 34]": 0
          }
        }
      },
      "/Users/samuelmurphy/smdevelopment/h0m1c1de/gems/rails_db_inspector/lib/rails_db_inspector/schema_inspector.rb": {
        "lines": [
          null,
          null,
          1,
          1,
          1,
          null,
          1,
          0,
          null,
          null,
          1,
          null,
          null,
          1,
          0,
          0,
          null,
          0,
          0,
          0,
          0,
          null,
          null,
          null,
          null,
          null,
          null,
          null,
          null,
          null,
          null,
          null,
          0,
          null,
          null,
          null,
          1,
          0,
          null,
          0,
          null,
          0,
          0,
          0,
          null,
          null,
          null,
          null,
          null,
          null,
          null,
          null,
          null,
          null,
          0,
          0,
          null,
          0,
          0,
          null,
          null,
          0,
          0,
          null,
          0,
          null,
          0,
          null,
          null,
          null,
          null,
          null,
          null,
          null,
          null,
          null,
          0,
          null,
          null,
          1,
          null,
          1,
          0,
          null,
          0,
          null,
          null,
          null,
          null,
          null,
          null,
          null,
          1,
          0,
          null,
          0,
          null,
          null,
          null,
          null,
          null,
          null,
          1,
          0,
          null,
          0,
          null,
          0,
          null,
          null,
          null,
          null,
          null,
          null,
          null,
          1,
          0,
          null,
          null,
          1,
          0,
          0,
          0,
          null,
          0,
          null,
          null,
          1,
          0,
          0,
          null,
          0,
          null,
          0,
          null,
          0,
          null,
          null,
          null,
          0,
          null,
          null,
          null,
          null,
          null,
          null,
          null,
          0,
          null,
          null,
          null,
          1,
          0,
          null,
          0,
          0,
          0,
          0,
          null,
          null,
          null,
          1,
          0,
          0,
          null,
          0,
          0,
          null,
          0,
          0,
          0,
          null,
          0,
          null,
          null,
          null,
          null,
          null,
          null,
          0,
          null,
          null,
          1,
          null,
          0,
          null,
          0,
          0,
          null,
          0,
          null,
          null,
          0,
          null,
          null,
          1,
          0,
          0,
          null,
          null,
          0,
          0,
          0,
          null,
          0,
          null,
          null,
          null,
          null,
          null,
          null,
          null,
          0,
          null,
          0,
          null,
          null,
          null,
          null,
          null,
          null,
          null
        ],
        "branches": {
          "[:if, 0, 42, 8, 52, 11]": {
            "[:then, 1, 43, 10, 51, 13]": 0,
            "[:else, 2, 42, 8, 52, 11]": 0
          },
          "[:unless, 3, 56, 10, 56, 47]": {
            "[:else, 4, 56, 10, 56, 47]": 0,
            "[:then, 5, 56, 10, 56, 14]": 0
          },
          "[:unless, 6, 59, 10, 59, 66]": {
            "[:else, 7, 59, 10, 59, 66]": 0,
            "[:then, 8, 59, 10, 59, 14]": 0
          },
          "[:if, 9, 65, 10, 65, 33]": {
            "[:then, 10, 65, 10, 65, 14]": 0,
            "[:else, 11, 65, 10, 65, 33]": 0
          },
          "[:unless, 12, 104, 6, 104, 60]": {
            "[:else, 13, 104, 6, 104, 60]": 0,
            "[:then, 14, 104, 6, 104, 15]": 0
          },
          "[:unless, 15, 130, 6, 130, 28]": {
            "[:else, 16, 130, 6, 130, 28]": 0,
            "[:then, 17, 130, 6, 130, 15]": 0
          },
          "[:\"&.\", 18, 144, 19, 144, 48]": {
            "[:then, 19, 144, 19, 144, 48]": 0,
            "[:else, 20, 144, 19, 144, 48]": 0
          },
          "[:unless, 21, 167, 8, 167, 49]": {
            "[:else, 22, 167, 8, 167, 49]": 0,
            "[:then, 23, 167, 8, 167, 12]": 0
          },
          "[:unless, 24, 171, 8, 171, 46]": {
            "[:else, 25, 171, 8, 171, 46]": 0,
            "[:then, 26, 171, 8, 171, 12]": 0
          },
          "[:if, 27, 197, 6, 197, 30]": {
            "[:then, 28, 197, 6, 197, 12]": 0,
            "[:else, 29, 197, 6, 197, 30]": 0
          },
          "[:if, 30, 213, 6, 219, 9]": {
            "[:then, 31, 214, 8, 218, 11]": 0,
            "[:else, 32, 213, 6, 219, 9]": 0
          }
        }
      },
      "/Users/samuelmurphy/smdevelopment/h0m1c1de/gems/rails_db_inspector/app/helpers/rails_db_inspector/application_helper.rb": {
        "lines": [
          1,
          null,
          1,
          1,
          1,
          0,
          0,
          null,
          null,
          1,
          0,
          null,
          null,
          0,
          null,
          0,
          null,
          0,
          null,
          0,
          null,
          0,
          null,
          0,
          null,
          0,
          null,
          null,
          null,
          0,
          null,
          0,
          0,
          0,
          0,
          0,
          0,
          null,
          null,
          null,
          0,
          null,
          0,
          0,
          null,
          0,
          null,
          0,
          null,
          0,
          null,
          0,
          null,
          null,
          null,
          0,
          null,
          null,
          1,
          0,
          null,
          0,
          0,
          null,
          0,
          0,
          null,
          null,
          null,
          null,
          null,
          0,
          null,
          null,
          null,
          null,
          0,
          null,
          null,
          null,
          null,
          0,
          null,
          null,
          0,
          null,
          null,
          0,
          null,
          null,
          1,
          0,
          null,
          null,
          0,
          null,
          0,
          null,
          null,
          null,
          null,
          null,
          0,
          null,
          null,
          0,
          0,
          0,
          0,
          null,
          null,
          0,
          null,
          0,
          0,
          null,
          null,
          0,
          null,
          0,
          null,
          null,
          0,
          null,
          null,
          null,
          null,
          null,
          null,
          null,
          null,
          0,
          null,
          null,
          1,
          null,
          1,
          0,
          null,
          0,
          null,
          0,
          null,
          0,
          null,
          0,
          null,
          0,
          0,
          null,
          null,
          1,
          0,
          null,
          null,
          0,
          0,
          0,
          null,
          null,
          0,
          null,
          0,
          0,
          null,
          0,
          null,
          null,
          0,
          null,
          null,
          null,
          0,
          null,
          null,
          1,
          0,
          null,
          0,
          null,
          null,
          0,
          null,
          null,
          0,
          null,
          0,
          null,
          null,
          0,
          null,
          0,
          null,
          0,
          null,
          null,
          null,
          1,
          0,
          null,
          0,
          null,
          0,
          null,
          0,
          null,
          0,
          null,
          0,
          null,
          0,
          null,
          null,
          null,
          1,
          0,
          null,
          0,
          0,
          null,
          0,
          null,
          null,
          1,
          1,
          null,
          0,
          null,
          0,
          null,
          1,
          null,
          null,
          1,
          null,
          null,
          1,
          0,
          null,
          0,
          0,
          null,
          0,
          0,
          null,
          0,
          null,
          null,
          null,
          null,
          1,
          0,
          0,
          0,
          0,
          0,
          0,
          null,
          null,
          0,
          null,
          0,
          null,
          null,
          0,
          null,
          null,
          1,
          0,
          0,
          null,
          null,
          null,
          null
        ],
        "branches": {
          "[:case, 0, 14, 18, 27, 9]": {
            "[:when, 1, 16, 8, 16, 16]": 0,
            "[:when, 2, 18, 8, 18, 16]": 0,
            "[:when, 3, 20, 8, 20, 16]": 0,
            "[:when, 4, 22, 8, 22, 16]": 0,
            "[:when, 5, 24, 8, 24, 13]": 0,
            "[:else, 6, 26, 8, 26, 15]": 0
          },
          "[:if, 7, 32, 6, 38, 9]": {
            "[:then, 8, 33, 8, 37, 89]": 0,
            "[:else, 9, 32, 6, 38, 9]": 0
          },
          "[:if, 10, 33, 8, 33, 60]": {
            "[:then, 11, 33, 8, 33, 34]": 0,
            "[:else, 12, 33, 8, 33, 60]": 0
          },
          "[:if, 13, 34, 8, 34, 93]": {
            "[:then, 14, 34, 8, 34, 38]": 0,
            "[:else, 15, 34, 8, 34, 93]": 0
          },
          "[:if, 16, 35, 8, 35, 93]": {
            "[:then, 17, 35, 8, 35, 39]": 0,
            "[:else, 18, 35, 8, 35, 93]": 0
          },
          "[:if, 19, 36, 8, 36, 68]": {
            "[:then, 20, 36, 8, 36, 38]": 0,
            "[:else, 21, 36, 8, 36, 68]": 0
          },
          "[:if, 22, 37, 8, 37, 89]": {
            "[:then, 23, 37, 8, 37, 36]": 0,
            "[:else, 24, 37, 8, 37, 89]": 0
          },
          "[:case, 25, 44, 8, 53, 11]": {
            "[:when, 26, 46, 10, 46, 139]": 0,
            "[:when, 27, 48, 10, 48, 143]": 0,
            "[:when, 28, 50, 10, 50, 137]": 0,
            "[:else, 29, 52, 10, 52, 141]": 0
          },
          "[:if, 30, 60, 6, 60, 33]": {
            "[:then, 31, 60, 6, 60, 15]": 0,
            "[:else, 32, 60, 6, 60, 33]": 0
          },
          "[:if, 33, 72, 8, 83, 11]": {
            "[:then, 34, 76, 10, 82, 33]": 0,
            "[:else, 35, 72, 8, 83, 11]": 0
          },
          "[:if, 36, 92, 6, 92, 37]": {
            "[:then, 37, 92, 6, 92, 15]": 0,
            "[:else, 38, 92, 6, 92, 37]": 0
          },
          "[:if, 39, 108, 8, 108, 34]": {
            "[:then, 40, 108, 8, 108, 12]": 0,
            "[:else, 41, 108, 8, 108, 34]": 0
          },
          "[:if, 42, 109, 8, 109, 43]": {
            "[:then, 43, 109, 8, 109, 12]": 0,
            "[:else, 44, 109, 8, 109, 43]": 0
          },
          "[:if, 45, 112, 8, 112, 73]": {
            "[:then, 46, 112, 8, 112, 12]": 0,
            "[:else, 47, 112, 8, 112, 73]": 0
          },
          "[:\"&.\", 48, 118, 16, 118, 67]": {
            "[:then, 49, 118, 16, 118, 67]": 0,
            "[:else, 50, 118, 16, 118, 67]": 0
          },
          "[:\"&.\", 51, 118, 16, 118, 74]": {
            "[:then, 52, 118, 16, 118, 74]": 0,
            "[:else, 53, 118, 16, 118, 74]": 0
          },
          "[:if, 54, 156, 6, 170, 9]": {
            "[:then, 55, 157, 8, 169, 51]": 0,
            "[:else, 56, 156, 6, 170, 9]": 0
          },
          "[:if, 57, 161, 8, 167, 11]": {
            "[:then, 58, 163, 10, 164, 92]": 0,
            "[:else, 59, 166, 10, 166, 68]": 0
          },
          "[:case, 60, 177, 6, 195, 9]": {
            "[:when, 61, 179, 8, 179, 12]": 0,
            "[:when, 62, 182, 8, 188, 11]": 0,
            "[:when, 63, 190, 8, 190, 24]": 0,
            "[:when, 64, 192, 8, 192, 15]": 0,
            "[:else, 65, 194, 8, 194, 14]": 0
          },
          "[:if, 66, 182, 8, 188, 11]": {
            "[:then, 67, 185, 10, 185, 21]": 0,
            "[:else, 68, 187, 10, 187, 22]": 0
          },
          "[:case, 69, 199, 6, 212, 9]": {
            "[:when, 70, 201, 8, 201, 14]": 0,
            "[:when, 71, 203, 8, 203, 14]": 0,
            "[:when, 72, 205, 8, 205, 14]": 0,
            "[:when, 73, 207, 8, 207, 14]": 0,
            "[:when, 74, 209, 8, 209, 17]": 0,
            "[:else, 75, 211, 8, 211, 14]": 0
          },
          "[:if, 76, 216, 6, 216, 37]": {
            "[:then, 77, 216, 6, 216, 18]": 0,
            "[:else, 78, 216, 6, 216, 37]": 0
          },
          "[:case, 79, 225, 6, 232, 9]": {
            "[:when, 80, 227, 8, 227, 17]": 0,
            "[:when, 81, 229, 8, 229, 26]": 0,
            "[:else, 82, 231, 8, 231, 34]": 1
          },
          "[:if, 83, 238, 6, 238, 41]": {
            "[:then, 84, 238, 6, 238, 15]": 0,
            "[:else, 85, 238, 6, 238, 41]": 0
          },
          "[:if, 86, 243, 6, 247, 9]": {
            "[:then, 87, 244, 8, 244, 39]": 0,
            "[:else, 88, 246, 8, 246, 79]": 0
          }
        }
      },
      "/Users/samuelmurphy/smdevelopment/h0m1c1de/gems/rails_db_inspector/app/helpers/rails_db_inspector/plan_renderer.rb": {
        "lines": [
          null,
          null,
          1,
          1,
          null,
          1,
          1,
          1,
          1,
          0,
          0,
          0,
          null,
          null,
          1,
          0,
          null,
          0,
          0,
          0,
          0,
          0,
          null,
          0,
          0,
          0,
          0,
          null,
          0,
          null,
          null,
          null,
          null,
          null,
          0,
          0,
          null,
          null,
          null,
          null,
          null,
          null,
          null,
          null,
          0,
          0,
          null,
          null,
          null,
          null,
          null,
          null,
          null,
          null,
          0,
          0,
          null,
          null,
          null,
          null,
          null,
          null,
          null,
          null,
          0,
          0,
          null,
          null,
          null,
          null,
          null,
          null,
          null,
          null,
          null,
          0,
          null,
          null,
          null,
          null,
          null,
          null,
          null,
          null,
          0,
          0,
          0,
          0,
          null,
          null,
          null,
          null,
          null,
          null,
          null,
          null,
          0,
          null,
          null,
          0,
          0,
          null,
          null,
          null,
          null,
          0,
          0,
          null,
          null,
          null,
          null,
          null,
          null,
          null,
          null,
          null,
          null,
          null,
          null,
          null,
          null,
          null,
          null,
          null,
          0,
          0,
          0,
          null,
          null,
          null,
          null,
          null,
          null,
          null,
          null,
          null,
          null,
          null,
          null,
          null,
          null,
          null,
          null,
          0,
          null,
          null,
          0,
          0,
          null,
          null,
          null,
          null,
          0,
          0,
          null,
          null,
          null,
          null,
          null,
          null,
          0,
          null,
          null,
          null,
          0,
          0,
          null,
          null,
          null,
          null,
          0,
          0,
          0,
          0,
          0,
          0,
          null,
          null,
          0,
          0,
          0,
          0,
          0,
          null,
          null,
          0,
          0,
          0,
          0,
          0,
          null,
          null,
          0,
          null,
          null,
          null,
          null,
          null,
          null,
          null,
          null,
          0,
          0,
          null,
          null,
          null,
          null,
          null,
          null,
          null,
          0,
          null,
          null,
          null,
          null,
          null,
          null,
          0,
          null,
          null,
          0,
          0,
          null,
          null,
          1,
          0,
          null,
          0,
          0,
          0,
          0,
          0,
          null,
          null,
          1,
          null,
          1,
          0,
          0,
          null,
          0,
          null,
          null,
          null,
          null,
          0,
          0,
          null,
          null,
          0,
          0,
          0,
          0,
          0,
          null,
          0,
          0,
          null,
          0,
          0,
          0,
          0,
          0,
          null,
          0,
          null,
          null,
          0,
          0,
          null,
          null,
          1,
          0,
          0,
          null,
          null,
          0,
          0,
          0,
          0,
          null,
          null,
          0,
          null,
          null,
          0,
          0,
          0,
          0,
          null,
          null,
          null,
          0,
          0,
          null,
          null,
          null,
          0,
          0,
          0,
          null,
          null,
          null,
          0,
          0,
          0,
          0,
          0,
          null,
          null,
          null,
          0,
          null,
          0,
          0,
          0,
          null,
          0,
          0,
          null,
          0,
          null,
          null,
          0,
          null,
          null,
          0,
          null,
          null,
          0,
          0,
          0,
          0,
          0,
          null,
          0,
          null,
          0,
          0,
          0,
          null,
          null,
          null,
          0,
          0,
          null,
          0,
          null,
          0,
          null,
          0,
          null,
          0,
          null,
          0,
          null,
          null,
          0,
          null,
          null,
          0,
          null,
          null,
          1,
          0,
          null,
          null,
          0,
          null,
          0,
          0,
          null,
          null,
          0,
          0,
          0,
          null,
          null,
          0,
          0,
          null,
          null,
          0,
          0,
          0,
          0,
          0,
          0,
          null,
          null,
          null,
          null,
          0,
          0,
          null,
          null,
          0,
          0,
          null,
          null,
          0,
          0,
          null,
          null,
          0,
          0,
          0,
          0,
          0,
          0,
          0,
          null,
          null,
          null,
          0,
          0,
          null,
          null,
          0,
          0,
          null,
          null,
          0,
          0,
          0,
          null,
          null,
          0,
          0,
          0,
          0,
          0,
          0,
          null,
          0,
          null,
          null,
          null,
          0,
          0,
          null,
          0,
          0,
          0,
          0,
          null,
          null,
          null,
          null,
          0,
          0,
          null,
          null,
          null,
          0,
          null,
          0,
          null,
          null,
          0,
          0,
          null,
          null,
          1,
          0,
          null,
          null,
          0,
          0,
          0,
          null,
          0,
          0,
          0,
          0,
          null,
          null,
          null,
          null,
          0,
          0,
          null,
          null,
          null,
          0,
          0,
          null,
          null,
          null,
          0,
          0,
          0,
          0,
          null,
          null,
          null,
          null,
          0,
          0,
          0,
          0,
          0,
          0,
          null,
          null,
          null,
          null,
          0,
          null,
          null,
          0,
          null,
          0,
          null,
          null,
          0,
          null,
          null,
          1,
          0,
          null,
          null,
          1,
          0,
          null,
          null,
          0,
          0,
          0,
          0,
          0,
          null,
          null,
          null,
          0,
          0,
          0,
          null,
          null,
          null,
          null,
          0,
          0,
          0,
          null,
          null,
          0,
          null,
          null,
          1,
          0,
          null,
          null,
          1,
          0,
          null,
          null,
          0,
          0,
          null,
          0,
          0,
          null,
          null,
          0,
          0,
          0,
          0,
          0,
          null,
          0,
          0,
          0,
          null,
          null,
          0,
          0,
          null,
          0,
          null,
          null,
          null,
          null,
          null,
          null,
          0,
          0,
          0,
          0,
          null,
          null,
          null,
          null,
          null,
          0,
          0,
          0,
          null,
          null,
          null,
          0,
          null,
          null,
          1,
          0,
          0,
          0,
          null,
          0,
          0,
          0,
          null,
          0,
          0,
          null,
          null,
          0,
          0,
          null,
          null,
          0,
          null,
          null,
          1,
          0,
          0,
          0,
          0,
          null,
          null,
          0,
          null,
          null,
          0,
          0,
          0,
          null,
          null,
          null,
          null,
          null,
          null,
          null,
          null,
          null,
          0,
          0,
          0,
          0,
          null,
          null,
          null,
          null,
          null,
          null,
          null,
          null,
          null,
          0,
          0,
          0,
          0,
          0,
          null,
          null,
          0,
          0,
          null,
          null,
          null,
          null,
          null,
          null,
          null,
          0,
          0,
          null,
          null,
          null,
          null,
          null,
          null,
          null,
          null,
          null,
          0,
          0,
          null,
          null,
          null,
          null,
          null,
          0,
          0,
          null,
          null,
          null,
          null,
          null,
          null,
          null,
          0,
          null,
          null,
          1,
          0,
          null,
          null,
          0,
          0,
          0,
          0,
          null,
          0,
          0,
          0,
          null,
          0,
          null,
          null,
          0,
          null,
          null,
          null,
          null,
          null,
          null,
          0,
          0,
          0,
          null,
          null,
          null,
          0,
          null,
          null,
          null,
          null,
          0,
          0,
          null,
          null,
          null,
          null,
          null,
          null,
          null,
          null,
          0,
          0,
          null,
          null,
          null,
          null,
          null,
          null,
          null,
          null,
          0,
          0,
          0,
          0,
          0,
          null,
          0,
          0,
          0,
          null,
          0,
          null,
          null,
          null,
          null,
          null,
          null,
          null,
          0,
          0,
          0,
          null,
          0,
          null,
          0,
          null,
          null,
          null,
          null,
          null,
          0,
          0,
          null,
          null,
          null,
          null,
          null,
          null,
          null,
          null,
          0,
          0,
          0,
          0,
          null,
          0,
          null,
          null,
          null,
          null,
          null,
          0,
          0,
          0,
          0,
          0,
          null,
          0,
          null,
          null,
          null,
          null,
          null,
          null,
          0,
          0,
          0,
          null,
          null,
          null,
          null,
          null,
          null,
          null,
          null,
          0,
          0,
          0,
          0,
          0,
          0,
          0,
          0,
          0,
          null,
          null,
          null,
          null,
          null,
          null,
          null,
          null,
          null,
          0,
          0,
          null,
          null,
          null,
          1,
          0,
          null,
          null,
          null,
          null,
          null,
          null,
          null,
          0,
          null,
          null,
          0,
          null,
          null,
          0,
          null,
          null,
          0,
          null,
          null,
          0,
          null,
          null,
          0,
          0,
          0,
          null,
          null,
          null,
          null
        ],
        "branches": {
          "[:unless, 0, 16, 8, 16, 67]": {
            "[:else, 1, 16, 8, 16, 67]": 0,
            "[:then, 2, 16, 8, 16, 17]": 0
          },
          "[:if, 3, 22, 8, 22, 66]": {
            "[:then, 4, 22, 8, 22, 54]": 0,
            "[:else, 5, 22, 8, 22, 66]": 0
          },
          "[:if, 6, 24, 8, 24, 63]": {
            "[:then, 7, 24, 8, 24, 51]": 0,
            "[:else, 8, 24, 8, 24, 63]": 0
          },
          "[:if, 9, 26, 8, 26, 74]": {
            "[:then, 10, 26, 8, 26, 62]": 0,
            "[:else, 11, 26, 8, 26, 74]": 0
          },
          "[:if, 12, 35, 8, 43, 11]": {
            "[:then, 13, 36, 10, 36, 33]": 0,
            "[:else, 14, 35, 8, 43, 11]": 0
          },
          "[:if, 15, 45, 8, 53, 11]": {
            "[:then, 16, 46, 10, 46, 33]": 0,
            "[:else, 17, 45, 8, 53, 11]": 0
          },
          "[:if, 18, 55, 8, 63, 11]": {
            "[:then, 19, 56, 10, 56, 33]": 0,
            "[:else, 20, 55, 8, 63, 11]": 0
          },
          "[:if, 21, 65, 8, 73, 11]": {
            "[:then, 22, 66, 10, 66, 33]": 0,
            "[:else, 23, 65, 8, 73, 11]": 0
          },
          "[:if, 24, 85, 8, 95, 11]": {
            "[:then, 25, 86, 10, 88, 33]": 0,
            "[:else, 26, 85, 8, 95, 11]": 0
          },
          "[:if, 27, 87, 22, 87, 119]": {
            "[:then, 28, 87, 40, 87, 58]": 0,
            "[:else, 29, 87, 61, 87, 119]": 0
          },
          "[:if, 30, 87, 62, 87, 118]": {
            "[:then, 31, 87, 80, 87, 99]": 0,
            "[:else, 32, 87, 102, 87, 118]": 0
          },
          "[:if, 33, 100, 8, 145, 11]": {
            "[:then, 34, 101, 10, 144, 34]": 0,
            "[:else, 35, 100, 8, 145, 11]": 0
          },
          "[:if, 36, 106, 10, 123, 13]": {
            "[:then, 37, 107, 12, 107, 35]": 0,
            "[:else, 38, 106, 10, 123, 13]": 0
          },
          "[:if, 39, 125, 10, 142, 13]": {
            "[:then, 40, 126, 12, 141, 15]": 0,
            "[:else, 41, 125, 10, 142, 13]": 0
          },
          "[:if, 42, 147, 8, 162, 11]": {
            "[:then, 43, 148, 10, 161, 34]": 0,
            "[:else, 44, 147, 8, 162, 11]": 0
          },
          "[:if, 45, 165, 8, 219, 11]": {
            "[:then, 46, 166, 10, 218, 34]": 0,
            "[:else, 47, 165, 8, 219, 11]": 0
          },
          "[:case, 48, 172, 19, 177, 15]": {
            "[:when, 49, 173, 32, 173, 38]": 0,
            "[:when, 50, 174, 31, 174, 37]": 0,
            "[:when, 51, 175, 28, 175, 34]": 0,
            "[:else, 52, 176, 17, 176, 23]": 0
          },
          "[:case, 53, 179, 27, 184, 15]": {
            "[:when, 54, 180, 32, 180, 58]": 0,
            "[:when, 55, 181, 31, 181, 63]": 0,
            "[:when, 56, 182, 28, 182, 56]": 0,
            "[:else, 57, 183, 17, 183, 45]": 0
          },
          "[:case, 58, 186, 25, 191, 15]": {
            "[:when, 59, 187, 32, 187, 46]": 0,
            "[:when, 60, 188, 31, 188, 48]": 0,
            "[:when, 61, 189, 28, 189, 43]": 0,
            "[:else, 62, 190, 17, 190, 32]": 0
          },
          "[:if, 63, 202, 12, 209, 15]": {
            "[:then, 64, 203, 14, 203, 37]": 0,
            "[:else, 65, 202, 12, 209, 15]": 0
          },
          "[:unless, 66, 226, 8, 226, 67]": {
            "[:else, 67, 226, 8, 226, 67]": 0,
            "[:then, 68, 226, 8, 226, 17]": 0
          },
          "[:if, 69, 246, 8, 248, 11]": {
            "[:then, 70, 247, 10, 247, 204]": 0,
            "[:else, 71, 246, 8, 248, 11]": 0
          },
          "[:if, 72, 251, 16, 251, 53]": {
            "[:then, 73, 251, 38, 251, 44]": 0,
            "[:else, 74, 251, 47, 251, 53]": 0
          },
          "[:if, 75, 259, 8, 266, 11]": {
            "[:then, 76, 260, 10, 265, 26]": 0,
            "[:else, 77, 259, 8, 266, 11]": 0
          },
          "[:if, 78, 277, 8, 281, 11]": {
            "[:then, 79, 278, 10, 278, 72]": 0,
            "[:else, 80, 279, 8, 281, 11]": 0
          },
          "[:if, 81, 279, 8, 281, 11]": {
            "[:then, 82, 280, 10, 280, 68]": 0,
            "[:else, 83, 279, 8, 281, 11]": 0
          },
          "[:if, 84, 286, 8, 290, 11]": {
            "[:then, 85, 287, 10, 289, 117]": 0,
            "[:else, 86, 286, 8, 290, 11]": 0
          },
          "[:if, 87, 288, 10, 288, 95]": {
            "[:then, 88, 288, 10, 288, 47]": 0,
            "[:else, 89, 288, 10, 288, 95]": 0
          },
          "[:if, 90, 293, 8, 295, 11]": {
            "[:then, 91, 294, 10, 294, 180]": 0,
            "[:else, 92, 293, 8, 295, 11]": 0
          },
          "[:if, 93, 298, 8, 301, 11]": {
            "[:then, 94, 299, 10, 300, 126]": 0,
            "[:else, 95, 298, 8, 301, 11]": 0
          },
          "[:if, 96, 299, 23, 299, 114]": {
            "[:then, 97, 299, 57, 299, 82]": 0,
            "[:else, 98, 299, 85, 299, 114]": 0
          },
          "[:if, 99, 304, 8, 341, 11]": {
            "[:then, 100, 305, 10, 338, 33]": 0,
            "[:else, 101, 339, 8, 341, 11]": 0
          },
          "[:if, 102, 308, 18, 308, 98]": {
            "[:then, 103, 308, 34, 308, 68]": 0,
            "[:else, 104, 308, 71, 308, 98]": 0
          },
          "[:if, 105, 308, 72, 308, 97]": {
            "[:then, 106, 308, 86, 308, 89]": 0,
            "[:else, 107, 308, 92, 308, 97]": 0
          },
          "[:if, 108, 312, 10, 328, 13]": {
            "[:then, 109, 314, 12, 314, 53]": 0,
            "[:else, 110, 315, 10, 328, 13]": 0
          },
          "[:if, 111, 315, 10, 328, 13]": {
            "[:then, 112, 316, 12, 325, 15]": 0,
            "[:else, 113, 327, 12, 327, 61]": 0
          },
          "[:if, 114, 316, 12, 325, 15]": {
            "[:then, 115, 318, 14, 318, 63]": 0,
            "[:else, 116, 319, 12, 325, 15]": 0
          },
          "[:if, 117, 319, 12, 325, 15]": {
            "[:then, 118, 321, 14, 321, 59]": 0,
            "[:else, 119, 324, 14, 324, 55]": 0
          },
          "[:if, 120, 331, 10, 337, 13]": {
            "[:then, 121, 332, 12, 332, 78]": 0,
            "[:else, 122, 333, 10, 337, 13]": 0
          },
          "[:if, 123, 333, 10, 337, 13]": {
            "[:then, 124, 334, 12, 334, 75]": 0,
            "[:else, 125, 336, 12, 336, 71]": 0
          },
          "[:if, 126, 339, 8, 341, 11]": {
            "[:then, 127, 340, 10, 340, 142]": 0,
            "[:else, 128, 339, 8, 341, 11]": 0
          },
          "[:case, 129, 345, 10, 356, 13]": {
            "[:when, 130, 347, 12, 347, 51]": 0,
            "[:when, 131, 349, 12, 349, 57]": 0,
            "[:when, 132, 351, 12, 351, 55]": 0,
            "[:when, 133, 353, 12, 353, 53]": 0,
            "[:else, 134, 355, 12, 355, 53]": 0
          },
          "[:if, 135, 370, 8, 372, 11]": {
            "[:then, 136, 371, 10, 371, 195]": 0,
            "[:else, 137, 370, 8, 372, 11]": 0
          },
          "[:if, 138, 374, 8, 390, 11]": {
            "[:then, 139, 375, 10, 389, 13]": 0,
            "[:else, 140, 374, 8, 390, 11]": 0
          },
          "[:if, 141, 375, 10, 377, 13]": {
            "[:then, 142, 376, 12, 376, 171]": 0,
            "[:else, 143, 375, 10, 377, 13]": 0
          },
          "[:if, 144, 379, 10, 381, 13]": {
            "[:then, 145, 380, 12, 380, 148]": 0,
            "[:else, 146, 379, 10, 381, 13]": 0
          },
          "[:if, 147, 383, 10, 389, 13]": {
            "[:then, 148, 384, 12, 388, 156]": 0,
            "[:else, 149, 383, 10, 389, 13]": 0
          },
          "[:if, 150, 385, 12, 385, 90]": {
            "[:then, 151, 385, 12, 385, 57]": 0,
            "[:else, 152, 385, 12, 385, 90]": 0
          },
          "[:if, 153, 386, 12, 386, 123]": {
            "[:then, 154, 386, 12, 386, 59]": 0,
            "[:else, 155, 386, 12, 386, 123]": 0
          },
          "[:if, 156, 387, 12, 387, 135]": {
            "[:then, 157, 387, 12, 387, 65]": 0,
            "[:else, 158, 387, 12, 387, 135]": 0
          },
          "[:if, 159, 388, 12, 388, 156]": {
            "[:then, 160, 388, 12, 388, 140]": 0,
            "[:else, 161, 388, 12, 388, 156]": 0
          },
          "[:if, 162, 393, 8, 395, 11]": {
            "[:then, 163, 394, 10, 394, 135]": 0,
            "[:else, 164, 393, 8, 395, 11]": 0
          },
          "[:if, 165, 397, 8, 399, 11]": {
            "[:then, 166, 398, 10, 398, 132]": 0,
            "[:else, 167, 397, 8, 399, 11]": 0
          },
          "[:if, 168, 401, 8, 403, 11]": {
            "[:then, 169, 402, 10, 402, 149]": 0,
            "[:else, 170, 401, 8, 403, 11]": 0
          },
          "[:if, 171, 405, 8, 413, 11]": {
            "[:then, 172, 406, 10, 412, 13]": 0,
            "[:else, 173, 405, 8, 413, 11]": 0
          },
          "[:if, 174, 409, 10, 412, 13]": {
            "[:then, 175, 410, 12, 411, 232]": 0,
            "[:else, 176, 409, 10, 412, 13]": 0
          },
          "[:if, 177, 410, 25, 410, 79]": {
            "[:then, 178, 410, 37, 410, 75]": 0,
            "[:else, 179, 410, 78, 410, 79]": 0
          },
          "[:if, 180, 415, 8, 417, 11]": {
            "[:then, 181, 416, 10, 416, 124]": 0,
            "[:else, 182, 415, 8, 417, 11]": 0
          },
          "[:if, 183, 419, 8, 421, 11]": {
            "[:then, 184, 420, 10, 420, 121]": 0,
            "[:else, 185, 419, 8, 421, 11]": 0
          },
          "[:if, 186, 423, 8, 426, 11]": {
            "[:then, 187, 424, 10, 425, 89]": 0,
            "[:else, 188, 423, 8, 426, 11]": 0
          },
          "[:if, 189, 424, 22, 424, 100]": {
            "[:then, 190, 424, 54, 424, 81]": 0,
            "[:else, 191, 424, 84, 424, 100]": 0
          },
          "[:if, 192, 428, 8, 436, 11]": {
            "[:then, 193, 429, 10, 435, 151]": 0,
            "[:else, 194, 428, 8, 436, 11]": 0
          },
          "[:if, 195, 430, 10, 434, 13]": {
            "[:then, 196, 431, 12, 433, 28]": 0,
            "[:else, 197, 430, 10, 434, 13]": 0
          },
          "[:if, 198, 432, 25, 432, 86]": {
            "[:then, 199, 432, 61, 432, 71]": 0,
            "[:else, 200, 432, 74, 432, 86]": 0
          },
          "[:if, 201, 450, 12, 454, 15]": {
            "[:then, 202, 451, 14, 451, 37]": 0,
            "[:else, 203, 450, 12, 454, 15]": 0
          },
          "[:if, 204, 468, 8, 477, 11]": {
            "[:then, 205, 469, 10, 476, 13]": 0,
            "[:else, 206, 468, 8, 477, 11]": 0
          },
          "[:if, 207, 472, 10, 476, 13]": {
            "[:then, 208, 473, 12, 473, 128]": 0,
            "[:else, 209, 474, 10, 476, 13]": 0
          },
          "[:if, 210, 474, 10, 476, 13]": {
            "[:then, 211, 475, 12, 475, 78]": 0,
            "[:else, 212, 474, 10, 476, 13]": 0
          },
          "[:if, 213, 480, 8, 482, 11]": {
            "[:then, 214, 481, 10, 481, 65]": 0,
            "[:else, 215, 480, 8, 482, 11]": 0
          },
          "[:if, 216, 485, 8, 487, 11]": {
            "[:then, 217, 486, 10, 486, 109]": 0,
            "[:else, 218, 485, 8, 487, 11]": 0
          },
          "[:if, 219, 490, 8, 495, 11]": {
            "[:then, 220, 491, 10, 494, 13]": 0,
            "[:else, 221, 490, 8, 495, 11]": 0
          },
          "[:if, 222, 492, 10, 494, 13]": {
            "[:then, 223, 493, 12, 493, 124]": 0,
            "[:else, 224, 492, 10, 494, 13]": 0
          },
          "[:if, 225, 498, 8, 505, 11]": {
            "[:then, 226, 499, 10, 504, 13]": 0,
            "[:else, 227, 498, 8, 505, 11]": 0
          },
          "[:if, 228, 501, 10, 504, 13]": {
            "[:then, 229, 502, 12, 503, 86]": 0,
            "[:else, 230, 501, 10, 504, 13]": 0
          },
          "[:if, 231, 508, 8, 514, 11]": {
            "[:then, 232, 508, 68, 508, 68]": 0,
            "[:else, 233, 511, 8, 514, 11]": 0
          },
          "[:if, 234, 511, 8, 514, 11]": {
            "[:then, 235, 513, 10, 513, 86]": 0,
            "[:else, 236, 511, 8, 514, 11]": 0
          },
          "[:unless, 237, 524, 8, 524, 39]": {
            "[:else, 238, 524, 8, 524, 39]": 0,
            "[:then, 239, 524, 8, 524, 23]": 0
          },
          "[:if, 240, 527, 8, 532, 11]": {
            "[:then, 241, 528, 10, 531, 31]": 0,
            "[:else, 242, 527, 8, 532, 11]": 0
          },
          "[:if, 243, 529, 10, 529, 88]": {
            "[:then, 244, 529, 10, 529, 58]": 0,
            "[:else, 245, 529, 10, 529, 88]": 0
          },
          "[:if, 246, 535, 8, 539, 11]": {
            "[:then, 247, 536, 10, 538, 13]": 0,
            "[:else, 248, 535, 8, 539, 11]": 0
          },
          "[:if, 249, 544, 10, 544, 36]": {
            "[:then, 250, 544, 18, 544, 32]": 0,
            "[:else, 251, 544, 35, 544, 36]": 0
          },
          "[:if, 252, 558, 8, 592, 11]": {
            "[:then, 253, 559, 10, 591, 13]": 0,
            "[:else, 254, 558, 8, 592, 11]": 0
          },
          "[:if, 255, 561, 10, 591, 13]": {
            "[:then, 256, 562, 12, 570, 15]": 0,
            "[:else, 257, 571, 10, 591, 13]": 0
          },
          "[:if, 258, 565, 12, 570, 15]": {
            "[:then, 259, 566, 14, 569, 101]": 0,
            "[:else, 260, 565, 12, 570, 15]": 0
          },
          "[:if, 261, 568, 26, 568, 77]": {
            "[:then, 262, 568, 37, 568, 64]": 0,
            "[:else, 263, 568, 67, 568, 77]": 0
          },
          "[:unless, 264, 569, 14, 569, 101]": {
            "[:else, 265, 569, 14, 569, 101]": 0,
            "[:then, 266, 569, 14, 569, 50]": 0
          },
          "[:if, 267, 571, 10, 591, 13]": {
            "[:then, 268, 572, 12, 590, 15]": 0,
            "[:else, 269, 571, 10, 591, 13]": 0
          },
          "[:if, 270, 577, 12, 577, 101]": {
            "[:then, 271, 577, 12, 577, 78]": 0,
            "[:else, 272, 577, 12, 577, 101]": 0
          },
          "[:if, 273, 586, 12, 590, 15]": {
            "[:then, 274, 587, 14, 587, 120]": 0,
            "[:else, 275, 588, 12, 590, 15]": 0
          },
          "[:if, 276, 588, 12, 590, 15]": {
            "[:then, 277, 589, 14, 589, 107]": 0,
            "[:else, 278, 588, 12, 590, 15]": 0
          },
          "[:if, 279, 595, 8, 599, 11]": {
            "[:then, 280, 596, 10, 598, 13]": 0,
            "[:else, 281, 595, 8, 599, 11]": 0
          },
          "[:if, 282, 605, 8, 608, 11]": {
            "[:then, 283, 606, 10, 607, 64]": 0,
            "[:else, 284, 605, 8, 608, 11]": 0
          },
          "[:if, 285, 609, 8, 612, 11]": {
            "[:then, 286, 610, 10, 611, 65]": 0,
            "[:else, 287, 609, 8, 612, 11]": 0
          },
          "[:if, 288, 613, 8, 615, 11]": {
            "[:then, 289, 614, 10, 614, 70]": 0,
            "[:else, 290, 613, 8, 615, 11]": 0
          },
          "[:if, 291, 617, 8, 619, 11]": {
            "[:then, 292, 618, 10, 618, 75]": 0,
            "[:else, 293, 617, 8, 619, 11]": 0
          },
          "[:if, 294, 634, 8, 643, 11]": {
            "[:then, 295, 635, 10, 642, 13]": 0,
            "[:else, 296, 634, 8, 643, 11]": 0
          },
          "[:if, 297, 635, 10, 642, 13]": {
            "[:then, 298, 636, 12, 641, 13]": 0,
            "[:else, 299, 635, 10, 642, 13]": 0
          },
          "[:if, 300, 646, 8, 656, 11]": {
            "[:then, 301, 647, 10, 655, 13]": 0,
            "[:else, 302, 646, 8, 656, 11]": 0
          },
          "[:if, 303, 648, 10, 655, 13]": {
            "[:then, 304, 649, 12, 654, 13]": 0,
            "[:else, 305, 648, 10, 655, 13]": 0
          },
          "[:if, 306, 659, 8, 683, 11]": {
            "[:then, 307, 660, 10, 682, 13]": 0,
            "[:else, 308, 659, 8, 683, 11]": 0
          },
          "[:if, 309, 666, 10, 682, 13]": {
            "[:then, 310, 667, 12, 672, 13]": 0,
            "[:else, 311, 675, 12, 681, 13]": 0
          },
          "[:if, 312, 686, 8, 700, 11]": {
            "[:then, 313, 687, 10, 692, 11]": 0,
            "[:else, 314, 693, 8, 700, 11]": 0
          },
          "[:if, 315, 693, 8, 700, 11]": {
            "[:then, 316, 694, 10, 699, 11]": 0,
            "[:else, 317, 693, 8, 700, 11]": 0
          },
          "[:if, 318, 709, 8, 725, 11]": {
            "[:then, 319, 710, 10, 724, 13]": 0,
            "[:else, 320, 709, 8, 725, 11]": 0
          },
          "[:if, 321, 711, 17, 711, 102]": {
            "[:then, 322, 711, 28, 711, 75]": 0,
            "[:else, 323, 711, 78, 711, 102]": 0
          },
          "[:if, 324, 714, 10, 724, 13]": {
            "[:then, 325, 715, 12, 723, 13]": 0,
            "[:else, 326, 714, 10, 724, 13]": 0
          },
          "[:if, 327, 716, 29, 716, 97]": {
            "[:then, 328, 716, 48, 716, 70]": 0,
            "[:else, 329, 716, 73, 716, 97]": 0
          },
          "[:if, 330, 721, 141, 721, 208]": {
            "[:then, 331, 721, 155, 721, 202]": 0,
            "[:else, 332, 721, 205, 721, 208]": 0
          },
          "[:if, 333, 728, 8, 736, 11]": {
            "[:then, 334, 729, 10, 735, 11]": 0,
            "[:else, 335, 728, 8, 736, 11]": 0
          },
          "[:if, 336, 739, 8, 746, 11]": {
            "[:then, 337, 740, 10, 745, 11]": 0,
            "[:else, 338, 739, 8, 746, 11]": 0
          },
          "[:if, 339, 749, 8, 756, 11]": {
            "[:then, 340, 750, 10, 755, 11]": 0,
            "[:else, 341, 749, 8, 756, 11]": 0
          },
          "[:if, 342, 759, 8, 774, 11]": {
            "[:then, 343, 760, 10, 773, 13]": 0,
            "[:else, 344, 759, 8, 774, 11]": 0
          },
          "[:if, 345, 763, 18, 763, 63]": {
            "[:then, 346, 763, 34, 763, 59]": 0,
            "[:else, 347, 763, 62, 763, 63]": 0
          },
          "[:if, 348, 765, 10, 773, 13]": {
            "[:then, 349, 766, 12, 772, 13]": 0,
            "[:else, 350, 765, 10, 773, 13]": 0
          },
          "[:if, 351, 769, 44, 769, 107]": {
            "[:then, 352, 769, 56, 769, 76]": 0,
            "[:else, 353, 769, 79, 769, 107]": 0
          },
          "[:if, 354, 777, 8, 786, 11]": {
            "[:then, 355, 778, 10, 785, 13]": 0,
            "[:else, 356, 777, 8, 786, 11]": 0
          },
          "[:if, 357, 778, 10, 785, 13]": {
            "[:then, 358, 779, 12, 784, 13]": 0,
            "[:else, 359, 778, 10, 785, 13]": 0
          },
          "[:if, 360, 789, 8, 796, 11]": {
            "[:then, 361, 790, 10, 795, 11]": 0,
            "[:else, 362, 789, 8, 796, 11]": 0
          },
          "[:if, 363, 799, 8, 807, 11]": {
            "[:then, 364, 800, 10, 806, 11]": 0,
            "[:else, 365, 799, 8, 807, 11]": 0
          },
          "[:if, 366, 802, 22, 802, 56]": {
            "[:then, 367, 802, 36, 802, 45]": 0,
            "[:else, 368, 802, 48, 802, 56]": 0
          },
          "[:if, 369, 804, 90, 804, 149]": {
            "[:then, 370, 804, 102, 804, 144]": 0,
            "[:else, 371, 804, 147, 804, 149]": 0
          },
          "[:if, 372, 810, 8, 820, 11]": {
            "[:then, 373, 811, 10, 819, 13]": 0,
            "[:else, 374, 810, 8, 820, 11]": 0
          },
          "[:if, 375, 811, 18, 811, 83]": {
            "[:then, 376, 811, 29, 811, 56]": 0,
            "[:else, 377, 811, 59, 811, 83]": 0
          },
          "[:unless, 378, 812, 10, 819, 13]": {
            "[:else, 379, 812, 10, 819, 13]": 0,
            "[:then, 380, 813, 12, 818, 13]": 0
          },
          "[:if, 381, 814, 24, 814, 58]": {
            "[:then, 382, 814, 38, 814, 47]": 0,
            "[:else, 383, 814, 50, 814, 58]": 0
          },
          "[:if, 384, 816, 124, 816, 188]": {
            "[:then, 385, 816, 136, 816, 183]": 0,
            "[:else, 386, 816, 186, 816, 188]": 0
          },
          "[:if, 387, 823, 8, 831, 11]": {
            "[:then, 388, 824, 10, 830, 11]": 0,
            "[:else, 389, 823, 8, 831, 11]": 0
          },
          "[:if, 390, 834, 8, 849, 11]": {
            "[:then, 391, 835, 10, 848, 13]": 0,
            "[:else, 392, 834, 8, 849, 11]": 0
          },
          "[:if, 393, 837, 10, 848, 13]": {
            "[:then, 394, 838, 12, 847, 15]": 0,
            "[:else, 395, 837, 10, 848, 13]": 0
          },
          "[:if, 396, 839, 12, 847, 15]": {
            "[:then, 397, 840, 14, 846, 15]": 0,
            "[:else, 398, 839, 12, 847, 15]": 0
          },
          "[:if, 399, 842, 26, 842, 61]": {
            "[:then, 400, 842, 45, 842, 53]": 0,
            "[:else, 401, 842, 56, 842, 61]": 0
          },
          "[:if, 402, 852, 8, 854, 11]": {
            "[:then, 403, 853, 10, 853, 83]": 0,
            "[:else, 404, 852, 8, 854, 11]": 0
          },
          "[:unless, 405, 858, 8, 858, 48]": {
            "[:else, 406, 858, 8, 858, 48]": 0,
            "[:then, 407, 858, 8, 858, 17]": 0
          }
        }
      }
    },
    "timestamp": 1771860288
  }
}
