{
  "RSpec": {
    "coverage": {
      "/Users/samuelmurphy/smdevelopment/h0m1c1de/gems/rails_db_inspector/lib/rails_db_inspector.rb": {
        "lines": [
          null,
          null,
          1,
          1,
          1,
          1,
          1,
          1,
          1,
          1,
          1,
          1,
          null,
          1,
          1,
          null,
          1,
          1,
          137,
          null,
          null,
          1,
          4,
          null,
          null,
          null
        ],
        "branches": {}
      },
      "/Users/samuelmurphy/smdevelopment/h0m1c1de/gems/rails_db_inspector/lib/rails_db_inspector/engine.rb": {
        "lines": [
          null,
          null,
          1,
          null,
          1,
          1,
          1,
          null,
          1,
          2,
          1,
          null,
          null,
          1,
          4,
          3,
          2,
          null,
          1,
          null,
          null,
          null
        ],
        "branches": {
          "[:unless, 0, 10, 6, 10, 56]": {
            "[:else, 1, 10, 6, 10, 56]": 1,
            "[:then, 2, 10, 6, 10, 10]": 1
          },
          "[:unless, 3, 15, 6, 15, 56]": {
            "[:else, 4, 15, 6, 15, 56]": 3,
            "[:then, 5, 15, 6, 15, 10]": 1
          },
          "[:unless, 6, 16, 6, 16, 60]": {
            "[:else, 7, 16, 6, 16, 60]": 2,
            "[:then, 8, 16, 6, 16, 10]": 1
          },
          "[:unless, 9, 17, 6, 17, 40]": {
            "[:else, 10, 17, 6, 17, 40]": 1,
            "[:then, 11, 17, 6, 17, 10]": 1
          }
        }
      },
      "/Users/samuelmurphy/smdevelopment/h0m1c1de/gems/rails_db_inspector/lib/rails_db_inspector/dev_widget_middleware.rb": {
        "lines": [
          null,
          null,
          1,
          1,
          1,
          12,
          null,
          null,
          1,
          11,
          null,
          null,
          11,
          null,
          7,
          14,
          7,
          null,
          null,
          7,
          null,
          7,
          2,
          2,
          2,
          null,
          null,
          7,
          null,
          null,
          1,
          null,
          1,
          11,
          10,
          null,
          null,
          8,
          8,
          null,
          7,
          null,
          null,
          1,
          15,
          15,
          9,
          7,
          null,
          null,
          8,
          null,
          null,
          null,
          1,
          2,
          2,
          null,
          2,
          null,
          null,
          null,
          null,
          null,
          null,
          null,
          null,
          null,
          null,
          null,
          null,
          null,
          null,
          null,
          null,
          null,
          null,
          null,
          null,
          null,
          null,
          null,
          null,
          null,
          null,
          null,
          null,
          null,
          null,
          null,
          null,
          null,
          null,
          null,
          null,
          null,
          null,
          null,
          null,
          null,
          null,
          null,
          null,
          null,
          null,
          null,
          null,
          null,
          null,
          null,
          null,
          null,
          null,
          null,
          null,
          null,
          null,
          null,
          null,
          null,
          null,
          null,
          null,
          null,
          null,
          null,
          null,
          null,
          null,
          null,
          null,
          null,
          null,
          null,
          null,
          null,
          null,
          null,
          null,
          null,
          null,
          null,
          null,
          null,
          null
        ],
        "branches": {
          "[:unless, 0, 13, 6, 13, 83]": {
            "[:else, 1, 13, 6, 13, 83]": 7,
            "[:then, 2, 13, 6, 13, 42]": 4
          },
          "[:if, 3, 17, 6, 17, 52]": {
            "[:then, 4, 17, 6, 17, 20]": 1,
            "[:else, 5, 17, 6, 17, 52]": 6
          },
          "[:if, 6, 22, 6, 26, 9]": {
            "[:then, 7, 23, 8, 25, 54]": 2,
            "[:else, 8, 22, 6, 26, 9]": 5
          },
          "[:unless, 9, 34, 6, 34, 39]": {
            "[:else, 10, 34, 6, 34, 39]": 10,
            "[:then, 11, 34, 6, 34, 18]": 1
          },
          "[:\"&.\", 12, 35, 26, 35, 72]": {
            "[:then, 13, 35, 26, 35, 72]": 9,
            "[:else, 14, 35, 26, 35, 72]": 1
          },
          "[:unless, 15, 35, 6, 35, 72]": {
            "[:else, 16, 35, 6, 35, 72]": 8,
            "[:then, 17, 35, 6, 35, 18]": 2
          },
          "[:\"&.\", 18, 39, 36, 39, 77]": {
            "[:then, 19, 39, 36, 39, 77]": 4,
            "[:else, 20, 39, 36, 39, 77]": 0
          },
          "[:if, 21, 39, 6, 39, 77]": {
            "[:then, 22, 39, 6, 39, 18]": 1,
            "[:else, 23, 39, 6, 39, 77]": 7
          },
          "[:if, 24, 47, 10, 49, 13]": {
            "[:then, 25, 48, 12, 48, 83]": 7,
            "[:else, 26, 47, 10, 49, 13]": 2
          }
        }
      },
      "/Users/samuelmurphy/smdevelopment/h0m1c1de/gems/rails_db_inspector/lib/rails_db_inspector/configuration.rb": {
        "lines": [
          null,
          null,
          1,
          1,
          1,
          1,
          1,
          1,
          1,
          null,
          1,
          61,
          61,
          61,
          61,
          61,
          null,
          null,
          null
        ],
        "branches": {}
      },
      "/Users/samuelmurphy/smdevelopment/h0m1c1de/gems/rails_db_inspector/lib/rails_db_inspector/query_store.rb": {
        "lines": [
          null,
          null,
          1,
          1,
          1,
          null,
          1,
          1,
          1,
          null,
          1,
          null,
          null,
          null,
          null,
          null,
          null,
          null,
          null,
          null,
          null,
          1,
          18,
          18,
          18,
          null,
          null,
          1,
          109,
          null,
          null,
          null,
          null,
          null,
          null,
          null,
          null,
          null,
          109,
          109,
          109,
          109,
          null,
          null,
          109,
          null,
          null,
          1,
          288,
          null,
          null,
          1,
          8,
          null,
          null,
          1,
          65,
          65,
          65,
          null,
          null,
          null,
          1,
          null,
          1,
          109,
          109,
          104,
          null,
          1,
          1,
          2,
          null,
          null,
          1,
          109,
          null,
          107,
          4,
          2,
          2,
          1,
          null,
          1,
          null,
          null,
          null,
          null,
          null
        ],
        "branches": {
          "[:if, 0, 67, 6, 67, 24]": {
            "[:then, 1, 67, 6, 67, 12]": 5,
            "[:else, 2, 67, 6, 67, 24]": 104
          },
          "[:if, 3, 68, 6, 68, 38]": {
            "[:then, 4, 68, 6, 68, 12]": 103,
            "[:else, 5, 68, 6, 68, 38]": 1
          },
          "[:unless, 6, 76, 6, 76, 41]": {
            "[:else, 7, 76, 6, 76, 41]": 107,
            "[:then, 8, 76, 6, 76, 15]": 2
          },
          "[:if, 9, 79, 8, 85, 11]": {
            "[:then, 10, 80, 10, 80, 79]": 2,
            "[:else, 11, 81, 8, 85, 11]": 2
          },
          "[:\"&.\", 12, 80, 65, 80, 77]": {
            "[:then, 13, 80, 65, 80, 77]": 1,
            "[:else, 14, 80, 65, 80, 77]": 1
          },
          "[:if, 15, 81, 8, 85, 11]": {
            "[:then, 16, 82, 10, 82, 53]": 1,
            "[:else, 17, 84, 10, 84, 49]": 1
          }
        }
      },
      "/Users/samuelmurphy/smdevelopment/h0m1c1de/gems/rails_db_inspector/lib/rails_db_inspector/sql_subscriber.rb": {
        "lines": [
          null,
          null,
          1,
          1,
          1,
          null,
          null,
          null,
          null,
          null,
          null,
          1,
          4,
          null,
          3,
          3,
          null,
          3,
          10,
          10,
          null,
          10,
          10,
          null,
          10,
          9,
          7,
          4,
          3,
          null,
          2,
          null,
          null,
          null,
          null,
          null,
          2,
          null,
          null,
          null,
          null,
          null
        ],
        "branches": {
          "[:if, 0, 13, 6, 13, 26]": {
            "[:then, 1, 13, 6, 13, 12]": 1,
            "[:else, 2, 13, 6, 13, 26]": 3
          },
          "[:if, 3, 25, 8, 25, 32]": {
            "[:then, 4, 25, 8, 25, 12]": 1,
            "[:else, 5, 25, 8, 25, 32]": 9
          },
          "[:if, 6, 26, 8, 26, 44]": {
            "[:then, 7, 26, 8, 26, 12]": 2,
            "[:else, 8, 26, 8, 26, 44]": 7
          },
          "[:if, 9, 27, 8, 27, 55]": {
            "[:then, 10, 27, 8, 27, 12]": 3,
            "[:else, 11, 27, 8, 27, 55]": 4
          },
          "[:if, 12, 28, 8, 28, 40]": {
            "[:then, 13, 28, 8, 28, 12]": 1,
            "[:else, 14, 28, 8, 28, 40]": 3
          },
          "[:if, 15, 29, 8, 29, 32]": {
            "[:then, 16, 29, 8, 29, 12]": 1,
            "[:else, 17, 29, 8, 29, 32]": 2
          },
          "[:if, 18, 37, 22, 37, 84]": {
            "[:then, 19, 37, 47, 37, 57]": 0,
            "[:else, 20, 37, 60, 37, 84]": 2
          }
        }
      },
      "/Users/samuelmurphy/smdevelopment/h0m1c1de/gems/rails_db_inspector/lib/rails_db_inspector/explain.rb": {
        "lines": [
          null,
          null,
          1,
          1,
          1,
          1,
          null,
          1,
          4,
          null,
          4,
          null,
          1,
          null,
          1,
          null,
          1,
          null,
          1,
          null,
          null,
          null,
          1,
          9,
          null,
          3,
          null,
          null,
          null
        ],
        "branches": {
          "[:case, 0, 11, 6, 20, 9]": {
            "[:when, 1, 13, 8, 13, 59]": 1,
            "[:when, 2, 15, 8, 15, 56]": 1,
            "[:when, 3, 17, 8, 17, 57]": 1,
            "[:else, 4, 19, 8, 19, 83]": 1
          },
          "[:if, 5, 24, 6, 24, 47]": {
            "[:then, 6, 24, 6, 24, 12]": 6,
            "[:else, 7, 24, 6, 24, 47]": 3
          }
        }
      },
      "/Users/samuelmurphy/smdevelopment/h0m1c1de/gems/rails_db_inspector/lib/rails_db_inspector/explain/postgres.rb": {
        "lines": [
          null,
          null,
          1,
          null,
          1,
          1,
          1,
          1,
          7,
          null,
          null,
          1,
          null,
          6,
          null,
          null,
          6,
          2,
          1,
          null,
          4,
          null,
          null,
          5,
          5,
          5,
          null,
          5,
          null,
          null,
          null,
          null
        ],
        "branches": {
          "[:if, 0, 17, 10, 22, 13]": {
            "[:then, 1, 18, 12, 19, 75]": 2,
            "[:else, 2, 21, 12, 21, 48]": 4
          },
          "[:if, 3, 26, 15, 26, 56]": {
            "[:then, 4, 26, 35, 26, 50]": 4,
            "[:else, 5, 26, 53, 26, 56]": 1
          }
        }
      },
      "/Users/samuelmurphy/smdevelopment/h0m1c1de/gems/rails_db_inspector/lib/rails_db_inspector/explain/my_sql.rb": {
        "lines": [
          null,
          null,
          1,
          1,
          1,
          1,
          6,
          null,
          null,
          1,
          null,
          5,
          null,
          null,
          5,
          2,
          1,
          null,
          3,
          null,
          null,
          4,
          null,
          4,
          null,
          null,
          null,
          null
        ],
        "branches": {
          "[:if, 0, 15, 10, 20, 13]": {
            "[:then, 1, 16, 12, 17, 42]": 2,
            "[:else, 2, 19, 12, 19, 34]": 3
          }
        }
      },
      "/Users/samuelmurphy/smdevelopment/h0m1c1de/gems/rails_db_inspector/lib/rails_db_inspector/explain/sqlite.rb": {
        "lines": [
          null,
          null,
          1,
          1,
          1,
          1,
          10,
          null,
          null,
          1,
          null,
          5,
          null,
          null,
          5,
          2,
          2,
          null,
          3,
          null,
          null,
          5,
          null,
          5,
          null,
          2,
          null,
          null,
          null,
          null,
          null,
          null,
          null,
          5,
          null,
          5,
          null,
          null,
          1,
          null,
          1,
          9,
          9,
          8,
          null,
          null,
          null,
          null,
          8,
          8,
          null,
          6,
          6,
          null,
          null,
          5,
          5,
          4,
          null,
          null,
          4,
          null,
          null,
          null,
          1,
          null,
          null,
          9,
          null,
          null,
          null,
          null
        ],
        "branches": {
          "[:if, 0, 15, 10, 20, 13]": {
            "[:then, 1, 16, 12, 17, 45]": 2,
            "[:else, 2, 19, 12, 19, 45]": 3
          },
          "[:unless, 3, 50, 10, 50, 33]": {
            "[:else, 4, 50, 10, 50, 33]": 6,
            "[:then, 5, 50, 10, 50, 14]": 2
          },
          "[:if, 6, 53, 10, 53, 40]": {
            "[:then, 7, 53, 10, 53, 14]": 1,
            "[:else, 8, 53, 10, 53, 40]": 5
          },
          "[:if, 9, 61, 25, 61, 84]": {
            "[:then, 10, 61, 56, 61, 67]": 2,
            "[:else, 11, 61, 70, 61, 84]": 2
          }
        }
      },
      "/Users/samuelmurphy/smdevelopment/h0m1c1de/gems/rails_db_inspector/lib/rails_db_inspector/schema_inspector.rb": {
        "lines": [
          null,
          null,
          1,
          1,
          1,
          null,
          1,
          139,
          null,
          null,
          1,
          null,
          null,
          1,
          14,
          14,
          null,
          14,
          23,
          23,
          23,
          23,
          null,
          23,
          null,
          null,
          null,
          null,
          null,
          null,
          null,
          null,
          null,
          null,
          null,
          null,
          14,
          null,
          null,
          null,
          1,
          5,
          null,
          5,
          null,
          9,
          7,
          2,
          null,
          null,
          null,
          null,
          null,
          null,
          null,
          null,
          null,
          null,
          9,
          14,
          null,
          5,
          5,
          null,
          null,
          4,
          2,
          null,
          4,
          null,
          2,
          null,
          null,
          null,
          null,
          null,
          null,
          null,
          null,
          null,
          5,
          null,
          null,
          1,
          null,
          1,
          23,
          null,
          43,
          null,
          null,
          null,
          null,
          null,
          null,
          null,
          1,
          23,
          null,
          8,
          null,
          null,
          null,
          null,
          null,
          null,
          1,
          23,
          null,
          18,
          null,
          9,
          null,
          null,
          null,
          null,
          null,
          null,
          null,
          1,
          23,
          null,
          null,
          1,
          41,
          40,
          39,
          null,
          2,
          null,
          null,
          1,
          null,
          null,
          null,
          1,
          6,
          5,
          null,
          1,
          null,
          1,
          null,
          2,
          null,
          1,
          null,
          null,
          1,
          null,
          null,
          1,
          null,
          1,
          1,
          1,
          1,
          2,
          2,
          2,
          2,
          2,
          2,
          null,
          0,
          null,
          1,
          null,
          null,
          1,
          1,
          null,
          null,
          1,
          1,
          3,
          3,
          null,
          2,
          2,
          2,
          null,
          1,
          null,
          null,
          1,
          2,
          2,
          2,
          2,
          null,
          null,
          null,
          2,
          1,
          null,
          null,
          1,
          null,
          2,
          2,
          null,
          2,
          null,
          null,
          1,
          26,
          26,
          null,
          4,
          null,
          3,
          null,
          1,
          null,
          null,
          null,
          3,
          null,
          null,
          null,
          null,
          null,
          null,
          null,
          1,
          null,
          null,
          null,
          1,
          31,
          null,
          23,
          43,
          10,
          2,
          null,
          null,
          null,
          1,
          69,
          24,
          null,
          24,
          45,
          null,
          2,
          2,
          2,
          null,
          1,
          null,
          null,
          null,
          null,
          null,
          null,
          24,
          null,
          null,
          null,
          1,
          25,
          25,
          25,
          25,
          25,
          25,
          25,
          25,
          25,
          25,
          25,
          25,
          25,
          null,
          null,
          null,
          1,
          30,
          null,
          6,
          2,
          2,
          null,
          6,
          8,
          null,
          null,
          11,
          null,
          null,
          6,
          null,
          null,
          null,
          null,
          null,
          null,
          null,
          null,
          null,
          null,
          1,
          null,
          144,
          34,
          null,
          null,
          9,
          null,
          null,
          7,
          null,
          6,
          3,
          3,
          null,
          6,
          null,
          null,
          6,
          6,
          11,
          null,
          5,
          null,
          null,
          null,
          null,
          null,
          null,
          null,
          null,
          null,
          5,
          5,
          5,
          null,
          null,
          null,
          null,
          null,
          null,
          null,
          null,
          null,
          6,
          null,
          null,
          null,
          1,
          33,
          33,
          null,
          14,
          13,
          1,
          1,
          null,
          13,
          13,
          null,
          13,
          52,
          52,
          null,
          42,
          42,
          null,
          null,
          129,
          null,
          null,
          42,
          42,
          42,
          null,
          null,
          null,
          13,
          null,
          null,
          13,
          15,
          14,
          null,
          null,
          10,
          25,
          null,
          8,
          null,
          null,
          null,
          null,
          null,
          null,
          null,
          null,
          null,
          13,
          null,
          null,
          null,
          1,
          96,
          null,
          null,
          null,
          1,
          62,
          null,
          null,
          62,
          62,
          null,
          61,
          61,
          null,
          null,
          61,
          26,
          null,
          null,
          null,
          61,
          57,
          97,
          97,
          96,
          95,
          null,
          null,
          null,
          61,
          null,
          null,
          null,
          1,
          80,
          null,
          null,
          80,
          80,
          null,
          40,
          40,
          null,
          40,
          35,
          null,
          null,
          40,
          40,
          110,
          110,
          75,
          40,
          null,
          null,
          null,
          40,
          null,
          null,
          1,
          null,
          null,
          null,
          null,
          null,
          null,
          null,
          1,
          207,
          null,
          null,
          null,
          1,
          45,
          45,
          null,
          null,
          9,
          9,
          null,
          null,
          null,
          1,
          85,
          29,
          null,
          5,
          3,
          null,
          null,
          1,
          null,
          null,
          null,
          null,
          null,
          null,
          null,
          null,
          null,
          1,
          31,
          31,
          null,
          5,
          null,
          9,
          5,
          4,
          4,
          4,
          null,
          null,
          4,
          1,
          null,
          4,
          null,
          10,
          7,
          null,
          2,
          1,
          null,
          null,
          null,
          null,
          null,
          null,
          null,
          null,
          1,
          null,
          null,
          null,
          null,
          null,
          null,
          null,
          null,
          null,
          null,
          5,
          null,
          0,
          null,
          null,
          null,
          1,
          31,
          31,
          null,
          11,
          1,
          1,
          null,
          11,
          null,
          11,
          18,
          18,
          null,
          11,
          11,
          null,
          11,
          null,
          null,
          11,
          11,
          27,
          null,
          9,
          null,
          null,
          11,
          null,
          11,
          4,
          3,
          null,
          null,
          null,
          4,
          null,
          2,
          null,
          null,
          null,
          null,
          null,
          null,
          null,
          null,
          null,
          11,
          null,
          null,
          null,
          1,
          108,
          38,
          null,
          12,
          12,
          null,
          7,
          null,
          7,
          null,
          8,
          7,
          null,
          null,
          6,
          6,
          6,
          null,
          6,
          6,
          null,
          3,
          3,
          3,
          null,
          null,
          3,
          null,
          2,
          null,
          null,
          null,
          null,
          null,
          null,
          null,
          null,
          null,
          null,
          7,
          null,
          null,
          null,
          1,
          30,
          null,
          4,
          null,
          4,
          8,
          8,
          8,
          null,
          null,
          7,
          14,
          null,
          7,
          7,
          null,
          null,
          3,
          2,
          null,
          null,
          null,
          null,
          null,
          null,
          null,
          null,
          null,
          null,
          2,
          null,
          null,
          null,
          null,
          4,
          null,
          null,
          null,
          1,
          null,
          1,
          96,
          119,
          32,
          null,
          null,
          8,
          6,
          null,
          null,
          null,
          4,
          null,
          null,
          null,
          null,
          null,
          null,
          null,
          null,
          null,
          null,
          null,
          1,
          32,
          32,
          null,
          12,
          22,
          5,
          12,
          null,
          null,
          5,
          null,
          5,
          11,
          11,
          null,
          11,
          11,
          11,
          null,
          null,
          null,
          5,
          null,
          5,
          5,
          null,
          6,
          4,
          null,
          2,
          null,
          null,
          null,
          null,
          null,
          null,
          null,
          null,
          null,
          5,
          null,
          null,
          null,
          1,
          33,
          33,
          null,
          13,
          24,
          6,
          13,
          null,
          6,
          null,
          6,
          13,
          13,
          null,
          11,
          11,
          11,
          null,
          null,
          null,
          6,
          null,
          6,
          5,
          null,
          6,
          4,
          null,
          2,
          null,
          null,
          null,
          null,
          null,
          null,
          null,
          null,
          null,
          6,
          null,
          null,
          1,
          14,
          13,
          13,
          null,
          null,
          13,
          null,
          1,
          null,
          null,
          1,
          null,
          60,
          null,
          57,
          11,
          null,
          1,
          null,
          null,
          3,
          null,
          null,
          1,
          65,
          32,
          null,
          null,
          32,
          30,
          2,
          null,
          2,
          null,
          null,
          null,
          null,
          null,
          null,
          null,
          40,
          null,
          20,
          null,
          null,
          null,
          null,
          null,
          null,
          null
        ],
        "branches": {
          "[:if, 0, 46, 8, 56, 11]": {
            "[:then, 1, 47, 10, 55, 13]": 7,
            "[:else, 2, 46, 8, 56, 11]": 2
          },
          "[:unless, 3, 60, 10, 60, 47]": {
            "[:else, 4, 60, 10, 60, 47]": 5,
            "[:then, 5, 60, 10, 60, 14]": 9
          },
          "[:unless, 6, 63, 10, 63, 66]": {
            "[:else, 7, 63, 10, 63, 66]": 4,
            "[:then, 8, 63, 10, 63, 14]": 1
          },
          "[:if, 9, 69, 10, 69, 33]": {
            "[:then, 10, 69, 10, 69, 14]": 2,
            "[:else, 11, 69, 10, 69, 33]": 2
          },
          "[:unless, 12, 108, 6, 108, 60]": {
            "[:else, 13, 108, 6, 108, 60]": 18,
            "[:then, 14, 108, 6, 108, 15]": 5
          },
          "[:case, 15, 138, 6, 147, 9]": {
            "[:when, 16, 140, 8, 140, 28]": 1,
            "[:when, 17, 142, 8, 142, 25]": 1,
            "[:when, 18, 144, 8, 144, 26]": 2,
            "[:else, 19, 146, 8, 146, 10]": 1
          },
          "[:if, 20, 177, 8, 177, 45]": {
            "[:then, 21, 177, 8, 177, 12]": 1,
            "[:else, 22, 177, 8, 177, 45]": 2
          },
          "[:unless, 23, 208, 6, 208, 28]": {
            "[:else, 24, 208, 6, 208, 28]": 4,
            "[:then, 25, 208, 6, 208, 15]": 22
          },
          "[:\"&.\", 26, 222, 19, 222, 48]": {
            "[:then, 27, 222, 19, 222, 48]": 1,
            "[:else, 28, 222, 19, 222, 48]": 2
          },
          "[:unless, 29, 245, 8, 245, 49]": {
            "[:else, 30, 245, 8, 245, 49]": 2,
            "[:then, 31, 245, 8, 245, 12]": 43
          },
          "[:unless, 32, 249, 8, 249, 46]": {
            "[:else, 33, 249, 8, 249, 46]": 1,
            "[:then, 34, 249, 8, 249, 12]": 1
          },
          "[:\"&.\", 35, 275, 43, 275, 60]": {
            "[:then, 36, 275, 43, 275, 60]": 0,
            "[:else, 37, 275, 43, 275, 60]": 0
          },
          "[:if, 38, 280, 6, 280, 45]": {
            "[:then, 39, 280, 6, 280, 15]": 24,
            "[:else, 40, 280, 6, 280, 45]": 6
          },
          "[:if, 41, 290, 8, 290, 68]": {
            "[:then, 42, 290, 8, 290, 12]": 2,
            "[:else, 43, 290, 8, 290, 68]": 6
          },
          "[:unless, 44, 307, 6, 307, 45]": {
            "[:else, 45, 307, 6, 307, 45]": 7,
            "[:then, 46, 307, 6, 307, 15]": 27
          },
          "[:unless, 47, 313, 6, 313, 36]": {
            "[:else, 48, 313, 6, 313, 36]": 6,
            "[:then, 49, 313, 6, 313, 15]": 1
          },
          "[:if, 50, 324, 8, 324, 68]": {
            "[:then, 51, 324, 8, 324, 12]": 3,
            "[:else, 52, 324, 8, 324, 68]": 5
          },
          "[:unless, 53, 337, 8, 345, 11]": {
            "[:else, 54, 337, 8, 345, 11]": 0,
            "[:then, 55, 338, 10, 344, 11]": 5
          },
          "[:if, 56, 354, 6, 354, 33]": {
            "[:then, 57, 354, 6, 354, 15]": 20,
            "[:else, 58, 354, 6, 354, 33]": 13
          },
          "[:unless, 59, 366, 8, 366, 49]": {
            "[:else, 60, 366, 8, 366, 49]": 42,
            "[:then, 61, 366, 8, 366, 12]": 10
          },
          "[:if, 62, 376, 8, 378, 11]": {
            "[:then, 63, 377, 10, 377, 50]": 42,
            "[:else, 64, 376, 8, 378, 11]": 0
          },
          "[:if, 65, 389, 10, 389, 70]": {
            "[:then, 66, 389, 10, 389, 14]": 1,
            "[:else, 67, 389, 10, 389, 70]": 8
          },
          "[:if, 68, 390, 10, 390, 70]": {
            "[:then, 69, 390, 10, 390, 14]": 0,
            "[:else, 70, 390, 10, 390, 70]": 8
          },
          "[:if, 71, 416, 6, 416, 40]": {
            "[:then, 72, 416, 6, 416, 20]": 1,
            "[:else, 73, 416, 6, 416, 40]": 61
          },
          "[:if, 74, 427, 6, 434, 9]": {
            "[:then, 75, 428, 8, 433, 11]": 57,
            "[:else, 76, 427, 6, 434, 9]": 4
          },
          "[:if, 77, 430, 10, 430, 35]": {
            "[:then, 78, 430, 10, 430, 14]": 1,
            "[:else, 79, 430, 10, 430, 35]": 96
          },
          "[:if, 80, 431, 10, 431, 39]": {
            "[:then, 81, 431, 10, 431, 14]": 1,
            "[:else, 82, 431, 10, 431, 39]": 95
          },
          "[:if, 83, 445, 6, 445, 40]": {
            "[:then, 84, 445, 6, 445, 20]": 40,
            "[:else, 85, 445, 6, 445, 40]": 40
          },
          "[:if, 86, 454, 6, 461, 9]": {
            "[:then, 87, 455, 8, 460, 11]": 40,
            "[:else, 88, 454, 6, 461, 9]": 0
          },
          "[:if, 89, 457, 10, 457, 35]": {
            "[:then, 90, 457, 10, 457, 14]": 35,
            "[:else, 91, 457, 10, 457, 35]": 75
          },
          "[:if, 92, 458, 10, 458, 30]": {
            "[:then, 93, 458, 10, 458, 14]": 35,
            "[:else, 94, 458, 10, 458, 30]": 40
          },
          "[:unless, 95, 491, 6, 491, 31]": {
            "[:else, 96, 491, 6, 491, 31]": 3,
            "[:then, 97, 491, 6, 491, 15]": 26
          },
          "[:if, 98, 494, 6, 494, 26]": {
            "[:then, 99, 494, 6, 494, 15]": 2,
            "[:else, 100, 494, 6, 494, 26]": 1
          },
          "[:unless, 101, 509, 6, 509, 28]": {
            "[:else, 102, 509, 6, 509, 28]": 5,
            "[:then, 103, 509, 6, 509, 15]": 26
          },
          "[:if, 104, 523, 8, 523, 32]": {
            "[:then, 105, 523, 8, 523, 12]": 1,
            "[:else, 106, 523, 8, 523, 32]": 3
          },
          "[:unless, 107, 526, 8, 526, 59]": {
            "[:else, 108, 526, 8, 526, 59]": 2,
            "[:then, 109, 526, 8, 526, 12]": 1
          },
          "[:if, 110, 528, 8, 546, 11]": {
            "[:then, 111, 529, 10, 536, 11]": 1,
            "[:else, 112, 538, 10, 545, 11]": 1
          },
          "[:if, 113, 557, 6, 557, 33]": {
            "[:then, 114, 557, 6, 557, 15]": 20,
            "[:else, 115, 557, 6, 557, 33]": 11
          },
          "[:unless, 116, 567, 8, 567, 49]": {
            "[:else, 117, 567, 8, 567, 49]": 11,
            "[:then, 118, 567, 8, 567, 12]": 7
          },
          "[:if, 119, 572, 8, 572, 54]": {
            "[:then, 120, 572, 8, 572, 12]": 0,
            "[:else, 121, 572, 8, 572, 54]": 11
          },
          "[:if, 122, 576, 8, 576, 35]": {
            "[:then, 123, 576, 8, 576, 12]": 2,
            "[:else, 124, 576, 8, 576, 35]": 9
          },
          "[:if, 125, 577, 8, 577, 72]": {
            "[:then, 126, 577, 8, 577, 12]": 0,
            "[:else, 127, 577, 8, 577, 72]": 9
          },
          "[:if, 128, 590, 10, 590, 81]": {
            "[:then, 129, 590, 10, 590, 14]": 1,
            "[:else, 130, 590, 10, 590, 81]": 2
          },
          "[:if, 131, 608, 6, 608, 38]": {
            "[:then, 132, 608, 6, 608, 15]": 26,
            "[:else, 133, 608, 6, 608, 38]": 12
          },
          "[:unless, 134, 611, 6, 611, 51]": {
            "[:else, 135, 611, 6, 611, 51]": 7,
            "[:then, 136, 611, 6, 611, 15]": 5
          },
          "[:if, 137, 618, 8, 618, 31]": {
            "[:then, 138, 618, 8, 618, 12]": 1,
            "[:else, 139, 618, 8, 618, 31]": 6
          },
          "[:unless, 140, 623, 8, 623, 45]": {
            "[:else, 141, 623, 8, 623, 45]": 6,
            "[:then, 142, 623, 8, 623, 12]": 0
          },
          "[:if, 143, 626, 8, 626, 26]": {
            "[:then, 144, 626, 8, 626, 12]": 3,
            "[:else, 145, 626, 8, 626, 26]": 3
          },
          "[:if, 146, 628, 25, 628, 65]": {
            "[:then, 147, 628, 53, 628, 57]": 1,
            "[:else, 148, 628, 60, 628, 65]": 2
          },
          "[:unless, 149, 633, 8, 633, 37]": {
            "[:else, 150, 633, 8, 633, 37]": 2,
            "[:then, 151, 633, 8, 633, 12]": 1
          },
          "[:if, 152, 651, 6, 651, 37]": {
            "[:then, 153, 651, 6, 651, 15]": 26,
            "[:else, 154, 651, 6, 651, 37]": 4
          },
          "[:if, 155, 657, 8, 657, 27]": {
            "[:then, 156, 657, 8, 657, 12]": 0,
            "[:else, 157, 657, 8, 657, 27]": 8
          },
          "[:if, 158, 658, 8, 658, 28]": {
            "[:then, 159, 658, 8, 658, 12]": 1,
            "[:else, 160, 658, 8, 658, 28]": 7
          },
          "[:if, 161, 662, 10, 662, 44]": {
            "[:then, 162, 662, 10, 662, 14]": 7,
            "[:else, 163, 662, 10, 662, 44]": 7
          },
          "[:if, 164, 665, 10, 665, 50]": {
            "[:then, 165, 665, 10, 665, 14]": 4,
            "[:else, 166, 665, 10, 665, 50]": 3
          },
          "[:if, 167, 668, 10, 681, 13]": {
            "[:then, 168, 669, 12, 680, 17]": 2,
            "[:else, 169, 668, 10, 681, 13]": 1
          },
          "[:unless, 170, 694, 6, 694, 38]": {
            "[:else, 171, 694, 6, 694, 38]": 6,
            "[:then, 172, 694, 6, 694, 15]": 26
          },
          "[:if, 173, 698, 6, 698, 34]": {
            "[:then, 174, 698, 6, 698, 15]": 2,
            "[:else, 175, 698, 6, 698, 34]": 4
          },
          "[:if, 176, 716, 6, 716, 33]": {
            "[:then, 177, 716, 6, 716, 15]": 20,
            "[:else, 178, 716, 6, 716, 33]": 12
          },
          "[:if, 179, 721, 6, 721, 40]": {
            "[:then, 180, 721, 6, 721, 15]": 7,
            "[:else, 181, 721, 6, 721, 40]": 5
          },
          "[:unless, 182, 728, 8, 728, 49]": {
            "[:else, 183, 728, 8, 728, 49]": 11,
            "[:then, 184, 728, 8, 728, 12]": 0
          },
          "[:if, 185, 732, 10, 732, 63]": {
            "[:then, 186, 732, 10, 732, 31]": 11,
            "[:else, 187, 732, 10, 732, 63]": 0
          },
          "[:if, 188, 742, 10, 742, 33]": {
            "[:then, 189, 742, 10, 742, 14]": 2,
            "[:else, 190, 742, 10, 742, 33]": 2
          },
          "[:if, 191, 760, 6, 760, 33]": {
            "[:then, 192, 760, 6, 760, 15]": 20,
            "[:else, 193, 760, 6, 760, 33]": 13
          },
          "[:if, 194, 765, 6, 765, 36]": {
            "[:then, 195, 765, 6, 765, 15]": 7,
            "[:else, 196, 765, 6, 765, 36]": 6
          },
          "[:unless, 197, 771, 8, 771, 49]": {
            "[:else, 198, 771, 8, 771, 49]": 11,
            "[:then, 199, 771, 8, 771, 12]": 2
          },
          "[:if, 200, 775, 10, 775, 59]": {
            "[:then, 201, 775, 10, 775, 31]": 11,
            "[:else, 202, 775, 10, 775, 59]": 0
          },
          "[:if, 203, 785, 10, 785, 33]": {
            "[:then, 204, 785, 10, 785, 14]": 2,
            "[:else, 205, 785, 10, 785, 33]": 2
          },
          "[:if, 206, 825, 6, 825, 30]": {
            "[:then, 207, 825, 6, 825, 12]": 33,
            "[:else, 208, 825, 6, 825, 30]": 32
          },
          "[:if, 209, 841, 6, 847, 9]": {
            "[:then, 210, 842, 8, 846, 11]": 20,
            "[:else, 211, 841, 6, 847, 9]": 9
          }
        }
      },
      "/Users/samuelmurphy/smdevelopment/h0m1c1de/gems/rails_db_inspector/app/helpers/rails_db_inspector/application_helper.rb": {
        "lines": [
          1,
          null,
          1,
          1,
          1,
          1,
          1,
          null,
          null,
          1,
          11,
          null,
          null,
          11,
          null,
          6,
          null,
          1,
          null,
          1,
          null,
          1,
          null,
          1,
          null,
          1,
          null,
          null,
          null,
          11,
          null,
          11,
          6,
          6,
          6,
          6,
          6,
          null,
          null,
          null,
          11,
          null,
          11,
          5,
          null,
          1,
          null,
          2,
          null,
          1,
          null,
          1,
          null,
          null,
          null,
          11,
          null,
          null,
          1,
          4,
          null,
          3,
          3,
          null,
          3,
          6,
          null,
          null,
          null,
          null,
          null,
          6,
          null,
          null,
          null,
          null,
          5,
          null,
          null,
          null,
          null,
          5,
          null,
          null,
          6,
          null,
          null,
          3,
          null,
          null,
          1,
          9,
          null,
          null,
          8,
          null,
          35,
          null,
          null,
          null,
          null,
          null,
          43,
          null,
          null,
          8,
          8,
          10,
          8,
          null,
          null,
          7,
          null,
          6,
          29,
          null,
          null,
          6,
          null,
          6,
          null,
          null,
          23,
          null,
          null,
          null,
          null,
          null,
          null,
          null,
          null,
          14,
          null,
          null,
          1,
          null,
          1,
          39,
          null,
          39,
          null,
          39,
          null,
          39,
          null,
          39,
          null,
          39,
          39,
          null,
          null,
          1,
          10,
          null,
          null,
          10,
          6,
          6,
          null,
          null,
          6,
          null,
          1,
          1,
          null,
          5,
          null,
          null,
          6,
          null,
          null,
          null,
          4,
          null,
          null,
          1,
          16,
          null,
          1,
          null,
          null,
          8,
          null,
          null,
          6,
          null,
          2,
          null,
          null,
          4,
          null,
          2,
          null,
          1,
          null,
          null,
          null,
          1,
          6,
          null,
          1,
          null,
          1,
          null,
          1,
          null,
          1,
          null,
          1,
          null,
          1,
          null,
          null,
          null,
          1,
          5,
          null,
          4,
          4,
          null,
          4,
          null,
          null,
          1,
          16,
          null,
          13,
          null,
          1,
          null,
          2,
          null,
          null,
          1,
          null,
          null,
          1,
          3,
          null,
          2,
          2,
          null,
          2,
          1,
          null,
          1,
          null,
          null,
          null,
          null,
          1,
          1,
          1,
          1,
          1,
          1,
          1,
          null,
          null,
          2,
          null,
          2,
          null,
          null,
          1,
          null,
          null,
          1,
          1,
          1,
          null,
          null,
          null,
          null
        ],
        "branches": {
          "[:case, 0, 14, 18, 27, 9]": {
            "[:when, 1, 16, 8, 16, 16]": 6,
            "[:when, 2, 18, 8, 18, 16]": 1,
            "[:when, 3, 20, 8, 20, 16]": 1,
            "[:when, 4, 22, 8, 22, 16]": 1,
            "[:when, 5, 24, 8, 24, 13]": 1,
            "[:else, 6, 26, 8, 26, 15]": 1
          },
          "[:if, 7, 32, 6, 38, 9]": {
            "[:then, 8, 33, 8, 37, 89]": 6,
            "[:else, 9, 32, 6, 38, 9]": 5
          },
          "[:if, 10, 33, 8, 33, 60]": {
            "[:then, 11, 33, 8, 33, 34]": 1,
            "[:else, 12, 33, 8, 33, 60]": 5
          },
          "[:if, 13, 34, 8, 34, 93]": {
            "[:then, 14, 34, 8, 34, 38]": 1,
            "[:else, 15, 34, 8, 34, 93]": 5
          },
          "[:if, 16, 35, 8, 35, 93]": {
            "[:then, 17, 35, 8, 35, 39]": 1,
            "[:else, 18, 35, 8, 35, 93]": 5
          },
          "[:if, 19, 36, 8, 36, 68]": {
            "[:then, 20, 36, 8, 36, 38]": 1,
            "[:else, 21, 36, 8, 36, 68]": 5
          },
          "[:if, 22, 37, 8, 37, 89]": {
            "[:then, 23, 37, 8, 37, 36]": 1,
            "[:else, 24, 37, 8, 37, 89]": 5
          },
          "[:case, 25, 44, 8, 53, 11]": {
            "[:when, 26, 46, 10, 46, 139]": 1,
            "[:when, 27, 48, 10, 48, 143]": 2,
            "[:when, 28, 50, 10, 50, 137]": 1,
            "[:else, 29, 52, 10, 52, 141]": 1
          },
          "[:if, 30, 60, 6, 60, 33]": {
            "[:then, 31, 60, 6, 60, 15]": 1,
            "[:else, 32, 60, 6, 60, 33]": 3
          },
          "[:if, 33, 72, 8, 83, 11]": {
            "[:then, 34, 76, 10, 82, 33]": 5,
            "[:else, 35, 72, 8, 83, 11]": 1
          },
          "[:if, 36, 92, 6, 92, 37]": {
            "[:then, 37, 92, 6, 92, 15]": 1,
            "[:else, 38, 92, 6, 92, 37]": 8
          },
          "[:if, 39, 108, 8, 108, 34]": {
            "[:then, 40, 108, 8, 108, 12]": 2,
            "[:else, 41, 108, 8, 108, 34]": 8
          },
          "[:if, 42, 109, 8, 109, 43]": {
            "[:then, 43, 109, 8, 109, 12]": 1,
            "[:else, 44, 109, 8, 109, 43]": 7
          },
          "[:if, 45, 112, 8, 112, 73]": {
            "[:then, 46, 112, 8, 112, 12]": 1,
            "[:else, 47, 112, 8, 112, 73]": 6
          },
          "[:\"&.\", 48, 118, 16, 118, 67]": {
            "[:then, 49, 118, 16, 118, 67]": 5,
            "[:else, 50, 118, 16, 118, 67]": 1
          },
          "[:\"&.\", 51, 118, 16, 118, 74]": {
            "[:then, 52, 118, 16, 118, 74]": 5,
            "[:else, 53, 118, 16, 118, 74]": 1
          },
          "[:if, 54, 156, 6, 170, 9]": {
            "[:then, 55, 157, 8, 169, 51]": 6,
            "[:else, 56, 156, 6, 170, 9]": 4
          },
          "[:if, 57, 161, 8, 167, 11]": {
            "[:then, 58, 163, 10, 164, 92]": 1,
            "[:else, 59, 166, 10, 166, 68]": 5
          },
          "[:case, 60, 177, 6, 195, 9]": {
            "[:when, 61, 179, 8, 179, 12]": 1,
            "[:when, 62, 182, 8, 188, 11]": 8,
            "[:when, 63, 190, 8, 190, 24]": 4,
            "[:when, 64, 192, 8, 192, 15]": 2,
            "[:else, 65, 194, 8, 194, 14]": 1
          },
          "[:if, 66, 182, 8, 188, 11]": {
            "[:then, 67, 185, 10, 185, 21]": 6,
            "[:else, 68, 187, 10, 187, 22]": 2
          },
          "[:case, 69, 199, 6, 212, 9]": {
            "[:when, 70, 201, 8, 201, 14]": 1,
            "[:when, 71, 203, 8, 203, 14]": 1,
            "[:when, 72, 205, 8, 205, 14]": 1,
            "[:when, 73, 207, 8, 207, 14]": 1,
            "[:when, 74, 209, 8, 209, 17]": 1,
            "[:else, 75, 211, 8, 211, 14]": 1
          },
          "[:if, 76, 216, 6, 216, 37]": {
            "[:then, 77, 216, 6, 216, 18]": 1,
            "[:else, 78, 216, 6, 216, 37]": 4
          },
          "[:case, 79, 225, 6, 232, 9]": {
            "[:when, 80, 227, 8, 227, 17]": 13,
            "[:when, 81, 229, 8, 229, 26]": 1,
            "[:else, 82, 231, 8, 231, 34]": 2
          },
          "[:if, 83, 238, 6, 238, 41]": {
            "[:then, 84, 238, 6, 238, 15]": 1,
            "[:else, 85, 238, 6, 238, 41]": 2
          },
          "[:if, 86, 243, 6, 247, 9]": {
            "[:then, 87, 244, 8, 244, 39]": 1,
            "[:else, 88, 246, 8, 246, 79]": 1
          }
        }
      },
      "/Users/samuelmurphy/smdevelopment/h0m1c1de/gems/rails_db_inspector/app/helpers/rails_db_inspector/plan_renderer.rb": {
        "lines": [
          null,
          null,
          1,
          1,
          null,
          1,
          1,
          1,
          1,
          148,
          148,
          148,
          null,
          null,
          1,
          34,
          null,
          31,
          31,
          31,
          31,
          31,
          null,
          31,
          31,
          31,
          31,
          null,
          null,
          31,
          null,
          31,
          null,
          null,
          null,
          null,
          null,
          31,
          21,
          null,
          null,
          null,
          null,
          null,
          null,
          null,
          null,
          31,
          21,
          null,
          null,
          null,
          null,
          null,
          null,
          null,
          null,
          31,
          31,
          null,
          null,
          null,
          null,
          null,
          null,
          null,
          null,
          31,
          22,
          null,
          null,
          null,
          null,
          null,
          null,
          null,
          null,
          null,
          31,
          null,
          null,
          null,
          null,
          null,
          null,
          null,
          null,
          31,
          22,
          22,
          6,
          6,
          6,
          null,
          null,
          null,
          3,
          null,
          null,
          null,
          null,
          null,
          null,
          31,
          8,
          8,
          8,
          null,
          null,
          null,
          null,
          null,
          null,
          null,
          null,
          31,
          null,
          null,
          31,
          16,
          null,
          null,
          null,
          null,
          16,
          8,
          null,
          null,
          null,
          null,
          null,
          null,
          null,
          null,
          null,
          null,
          null,
          null,
          null,
          null,
          null,
          null,
          null,
          16,
          8,
          9,
          null,
          null,
          null,
          null,
          null,
          null,
          null,
          null,
          null,
          null,
          null,
          null,
          null,
          null,
          null,
          null,
          16,
          null,
          null,
          31,
          10,
          null,
          null,
          null,
          null,
          10,
          10,
          null,
          null,
          null,
          null,
          null,
          null,
          10,
          null,
          null,
          null,
          31,
          24,
          null,
          null,
          null,
          null,
          24,
          41,
          13,
          26,
          2,
          0,
          null,
          null,
          41,
          13,
          26,
          2,
          0,
          null,
          null,
          41,
          13,
          26,
          2,
          0,
          null,
          null,
          41,
          null,
          null,
          null,
          null,
          null,
          null,
          null,
          null,
          41,
          36,
          null,
          null,
          null,
          null,
          null,
          null,
          null,
          41,
          null,
          null,
          null,
          null,
          null,
          null,
          24,
          null,
          null,
          31,
          31,
          null,
          null,
          1,
          38,
          null,
          37,
          37,
          37,
          37,
          37,
          null,
          null,
          1,
          null,
          1,
          72,
          72,
          31,
          null,
          31,
          21,
          5,
          5,
          5,
          5,
          5,
          5,
          5,
          5,
          16,
          10,
          10,
          10,
          10,
          10,
          10,
          10,
          null,
          6,
          6,
          6,
          6,
          6,
          6,
          null,
          null,
          null,
          10,
          3,
          3,
          3,
          3,
          7,
          5,
          5,
          5,
          5,
          null,
          2,
          2,
          2,
          2,
          2,
          2,
          null,
          null,
          null,
          31,
          null,
          null,
          null,
          null,
          null,
          null,
          null,
          null,
          null,
          null,
          1,
          49,
          49,
          null,
          49,
          null,
          null,
          null,
          null,
          49,
          9,
          null,
          null,
          49,
          49,
          49,
          49,
          49,
          null,
          49,
          49,
          null,
          49,
          9,
          9,
          9,
          12,
          null,
          9,
          null,
          null,
          49,
          49,
          null,
          null,
          1,
          49,
          49,
          null,
          null,
          49,
          5,
          44,
          34,
          null,
          null,
          49,
          null,
          null,
          49,
          38,
          38,
          38,
          null,
          null,
          null,
          49,
          5,
          null,
          null,
          null,
          49,
          20,
          20,
          null,
          null,
          null,
          49,
          20,
          20,
          20,
          20,
          null,
          null,
          null,
          20,
          null,
          12,
          8,
          7,
          null,
          5,
          2,
          null,
          2,
          null,
          null,
          0,
          null,
          null,
          1,
          null,
          null,
          20,
          20,
          6,
          14,
          2,
          null,
          12,
          null,
          20,
          29,
          29,
          null,
          null,
          null,
          49,
          13,
          null,
          6,
          null,
          1,
          null,
          1,
          null,
          5,
          null,
          0,
          null,
          null,
          13,
          null,
          null,
          49,
          null,
          null,
          1,
          49,
          null,
          null,
          49,
          null,
          49,
          49,
          null,
          null,
          null,
          49,
          49,
          null,
          null,
          49,
          49,
          null,
          null,
          49,
          22,
          20,
          null,
          null,
          22,
          18,
          18,
          9,
          8,
          5,
          null,
          18,
          null,
          null,
          22,
          20,
          null,
          null,
          22,
          1,
          null,
          null,
          22,
          3,
          3,
          3,
          3,
          3,
          null,
          null,
          null,
          null,
          49,
          1,
          null,
          null,
          49,
          1,
          null,
          null,
          49,
          3,
          null,
          null,
          49,
          3,
          3,
          3,
          3,
          2,
          2,
          null,
          null,
          null,
          49,
          1,
          null,
          null,
          49,
          1,
          null,
          null,
          49,
          3,
          3,
          null,
          null,
          49,
          2,
          2,
          2,
          2,
          2,
          null,
          2,
          null,
          null,
          null,
          49,
          49,
          null,
          49,
          98,
          98,
          223,
          null,
          null,
          null,
          null,
          223,
          223,
          null,
          null,
          null,
          223,
          null,
          98,
          null,
          null,
          49,
          49,
          null,
          null,
          1,
          59,
          null,
          null,
          59,
          40,
          40,
          null,
          40,
          1,
          39,
          4,
          null,
          null,
          null,
          null,
          59,
          2,
          null,
          null,
          null,
          59,
          1,
          null,
          null,
          null,
          59,
          9,
          3,
          2,
          null,
          null,
          null,
          null,
          59,
          22,
          22,
          22,
          6,
          6,
          null,
          null,
          null,
          null,
          59,
          null,
          null,
          54,
          null,
          4,
          null,
          null,
          59,
          null,
          null,
          1,
          147,
          null,
          null,
          1,
          29,
          null,
          29,
          29,
          29,
          29,
          29,
          10,
          10,
          null,
          null,
          null,
          29,
          5,
          null,
          null,
          29,
          null,
          null,
          1,
          30,
          null,
          null,
          29,
          16,
          16,
          16,
          16,
          null,
          null,
          null,
          29,
          3,
          4,
          null,
          null,
          null,
          null,
          29,
          12,
          12,
          null,
          null,
          29,
          null,
          null,
          1,
          228,
          null,
          null,
          1,
          55,
          null,
          null,
          55,
          48,
          null,
          48,
          16,
          null,
          null,
          16,
          16,
          16,
          16,
          16,
          null,
          32,
          32,
          32,
          null,
          null,
          32,
          32,
          null,
          32,
          null,
          null,
          null,
          null,
          null,
          null,
          32,
          9,
          23,
          3,
          null,
          null,
          null,
          null,
          null,
          55,
          5,
          9,
          null,
          null,
          null,
          55,
          null,
          null,
          1,
          35,
          13,
          13,
          null,
          35,
          13,
          13,
          null,
          35,
          4,
          null,
          null,
          35,
          7,
          null,
          null,
          35,
          null,
          null,
          1,
          38,
          38,
          38,
          38,
          null,
          null,
          38,
          null,
          null,
          38,
          28,
          3,
          null,
          null,
          null,
          null,
          null,
          null,
          null,
          null,
          null,
          38,
          9,
          9,
          3,
          null,
          null,
          null,
          null,
          null,
          null,
          null,
          null,
          null,
          38,
          26,
          54,
          13,
          13,
          null,
          null,
          26,
          11,
          null,
          null,
          null,
          null,
          null,
          null,
          null,
          30,
          15,
          null,
          null,
          null,
          null,
          null,
          null,
          null,
          null,
          null,
          38,
          5,
          null,
          null,
          null,
          null,
          null,
          33,
          2,
          null,
          null,
          null,
          null,
          null,
          null,
          null,
          38,
          null,
          null,
          1,
          76,
          null,
          null,
          76,
          18,
          18,
          18,
          null,
          18,
          14,
          14,
          null,
          14,
          null,
          null,
          9,
          null,
          null,
          null,
          null,
          null,
          null,
          76,
          2,
          2,
          null,
          null,
          null,
          2,
          null,
          null,
          null,
          null,
          76,
          1,
          null,
          null,
          null,
          null,
          null,
          null,
          null,
          null,
          76,
          1,
          null,
          null,
          null,
          null,
          null,
          null,
          null,
          null,
          76,
          61,
          61,
          61,
          61,
          null,
          61,
          3,
          3,
          null,
          2,
          null,
          null,
          null,
          null,
          null,
          null,
          null,
          76,
          2,
          1,
          null,
          1,
          null,
          1,
          null,
          null,
          null,
          null,
          null,
          76,
          1,
          null,
          null,
          null,
          null,
          null,
          null,
          null,
          null,
          76,
          5,
          5,
          5,
          null,
          4,
          null,
          null,
          null,
          null,
          null,
          76,
          6,
          7,
          5,
          5,
          null,
          4,
          null,
          null,
          null,
          null,
          null,
          null,
          76,
          1,
          1,
          null,
          null,
          null,
          null,
          null,
          null,
          null,
          null,
          76,
          5,
          5,
          5,
          4,
          4,
          3,
          3,
          3,
          null,
          null,
          null,
          null,
          null,
          null,
          null,
          null,
          null,
          76,
          10,
          null,
          null,
          null,
          1,
          37,
          null,
          null,
          null,
          null,
          null,
          null,
          null,
          35,
          null,
          null,
          37,
          null,
          null,
          35,
          null,
          null,
          35,
          null,
          null,
          35,
          null,
          null,
          35,
          71,
          35,
          null,
          null,
          null,
          null
        ],
        "branches": {
          "[:unless, 0, 16, 8, 16, 67]": {
            "[:else, 1, 16, 8, 16, 67]": 31,
            "[:then, 2, 16, 8, 16, 17]": 3
          },
          "[:if, 3, 22, 8, 22, 66]": {
            "[:then, 4, 22, 8, 22, 54]": 22,
            "[:else, 5, 22, 8, 22, 66]": 9
          },
          "[:if, 6, 24, 8, 24, 63]": {
            "[:then, 7, 24, 8, 24, 51]": 22,
            "[:else, 8, 24, 8, 24, 63]": 9
          },
          "[:if, 9, 26, 8, 26, 74]": {
            "[:then, 10, 26, 8, 26, 62]": 22,
            "[:else, 11, 26, 8, 26, 74]": 9
          },
          "[:if, 12, 38, 8, 46, 11]": {
            "[:then, 13, 39, 10, 39, 33]": 21,
            "[:else, 14, 38, 8, 46, 11]": 10
          },
          "[:if, 15, 48, 8, 56, 11]": {
            "[:then, 16, 49, 10, 49, 33]": 21,
            "[:else, 17, 48, 8, 56, 11]": 10
          },
          "[:if, 18, 58, 8, 66, 11]": {
            "[:then, 19, 59, 10, 59, 33]": 31,
            "[:else, 20, 58, 8, 66, 11]": 0
          },
          "[:if, 21, 68, 8, 76, 11]": {
            "[:then, 22, 69, 10, 69, 33]": 22,
            "[:else, 23, 68, 8, 76, 11]": 9
          },
          "[:if, 24, 88, 8, 101, 11]": {
            "[:then, 25, 89, 10, 100, 13]": 22,
            "[:else, 26, 88, 8, 101, 11]": 9
          },
          "[:if, 27, 90, 10, 100, 13]": {
            "[:then, 28, 91, 12, 93, 35]": 6,
            "[:else, 29, 90, 10, 100, 13]": 16
          },
          "[:if, 30, 91, 29, 91, 155]": {
            "[:then, 31, 91, 61, 91, 79]": 3,
            "[:else, 32, 91, 82, 91, 155]": 3
          },
          "[:if, 33, 91, 83, 91, 154]": {
            "[:then, 34, 91, 116, 91, 135]": 2,
            "[:else, 35, 91, 138, 91, 154]": 1
          },
          "[:if, 36, 92, 29, 92, 120]": {
            "[:then, 37, 92, 61, 92, 67]": 3,
            "[:else, 38, 92, 70, 92, 120]": 3
          },
          "[:if, 39, 92, 71, 92, 119]": {
            "[:then, 40, 92, 104, 92, 110]": 2,
            "[:else, 41, 92, 113, 92, 119]": 1
          },
          "[:if, 42, 97, 107, 97, 168]": {
            "[:then, 43, 97, 132, 97, 163]": 3,
            "[:else, 44, 97, 166, 97, 168]": 3
          },
          "[:if, 45, 104, 8, 114, 11]": {
            "[:then, 46, 105, 10, 107, 33]": 8,
            "[:else, 47, 104, 8, 114, 11]": 23
          },
          "[:if, 48, 106, 22, 106, 119]": {
            "[:then, 49, 106, 40, 106, 58]": 2,
            "[:else, 50, 106, 61, 106, 119]": 6
          },
          "[:if, 51, 106, 62, 106, 118]": {
            "[:then, 52, 106, 80, 106, 99]": 2,
            "[:else, 53, 106, 102, 106, 118]": 4
          },
          "[:if, 54, 119, 8, 164, 11]": {
            "[:then, 55, 120, 10, 163, 34]": 16,
            "[:else, 56, 119, 8, 164, 11]": 15
          },
          "[:if, 57, 125, 10, 142, 13]": {
            "[:then, 58, 126, 12, 126, 35]": 8,
            "[:else, 59, 125, 10, 142, 13]": 8
          },
          "[:if, 60, 144, 10, 161, 13]": {
            "[:then, 61, 145, 12, 160, 15]": 8,
            "[:else, 62, 144, 10, 161, 13]": 8
          },
          "[:if, 63, 166, 8, 181, 11]": {
            "[:then, 64, 167, 10, 180, 34]": 10,
            "[:else, 65, 166, 8, 181, 11]": 21
          },
          "[:if, 66, 184, 8, 238, 11]": {
            "[:then, 67, 185, 10, 237, 34]": 24,
            "[:else, 68, 184, 8, 238, 11]": 7
          },
          "[:case, 69, 191, 19, 196, 15]": {
            "[:when, 70, 192, 32, 192, 38]": 13,
            "[:when, 71, 193, 31, 193, 37]": 26,
            "[:when, 72, 194, 28, 194, 34]": 2,
            "[:else, 73, 195, 17, 195, 23]": 0
          },
          "[:case, 74, 198, 27, 203, 15]": {
            "[:when, 75, 199, 32, 199, 58]": 13,
            "[:when, 76, 200, 31, 200, 63]": 26,
            "[:when, 77, 201, 28, 201, 56]": 2,
            "[:else, 78, 202, 17, 202, 45]": 0
          },
          "[:case, 79, 205, 25, 210, 15]": {
            "[:when, 80, 206, 32, 206, 46]": 13,
            "[:when, 81, 207, 31, 207, 48]": 26,
            "[:when, 82, 208, 28, 208, 43]": 2,
            "[:else, 83, 209, 17, 209, 32]": 0
          },
          "[:if, 84, 221, 12, 228, 15]": {
            "[:then, 85, 222, 14, 222, 37]": 36,
            "[:else, 86, 221, 12, 228, 15]": 5
          },
          "[:unless, 87, 245, 8, 245, 67]": {
            "[:else, 88, 245, 8, 245, 67]": 37,
            "[:then, 89, 245, 8, 245, 17]": 1
          },
          "[:if, 90, 261, 8, 307, 11]": {
            "[:then, 91, 262, 10, 286, 13]": 21,
            "[:else, 92, 289, 10, 306, 13]": 10
          },
          "[:if, 93, 262, 10, 286, 13]": {
            "[:then, 94, 263, 12, 270, 99]": 5,
            "[:else, 95, 271, 10, 286, 13]": 16
          },
          "[:if, 96, 267, 12, 267, 82]": {
            "[:then, 97, 267, 12, 267, 57]": 4,
            "[:else, 98, 267, 12, 267, 82]": 1
          },
          "[:if, 99, 268, 12, 268, 105]": {
            "[:then, 100, 268, 12, 268, 83]": 5,
            "[:else, 101, 268, 12, 268, 105]": 0
          },
          "[:if, 102, 268, 55, 268, 81]": {
            "[:then, 103, 268, 55, 268, 58]": 4,
            "[:else, 104, 268, 55, 268, 81]": 1
          },
          "[:unless, 105, 269, 12, 269, 93]": {
            "[:else, 106, 269, 12, 269, 93]": 0,
            "[:then, 107, 269, 12, 269, 37]": 5
          },
          "[:if, 108, 271, 10, 286, 13]": {
            "[:then, 109, 272, 12, 278, 83]": 10,
            "[:else, 110, 280, 12, 285, 56]": 6
          },
          "[:if, 111, 276, 12, 276, 112]": {
            "[:then, 112, 276, 12, 276, 88]": 1,
            "[:else, 113, 276, 12, 276, 112]": 9
          },
          "[:if, 114, 277, 12, 277, 98]": {
            "[:then, 115, 277, 12, 277, 77]": 10,
            "[:else, 116, 277, 12, 277, 98]": 0
          },
          "[:if, 117, 277, 50, 277, 75]": {
            "[:then, 118, 277, 50, 277, 53]": 1,
            "[:else, 119, 277, 50, 277, 75]": 9
          },
          "[:if, 120, 284, 12, 284, 103]": {
            "[:then, 121, 284, 12, 284, 52]": 4,
            "[:else, 122, 284, 12, 284, 103]": 2
          },
          "[:if, 123, 289, 10, 306, 13]": {
            "[:then, 124, 290, 12, 293, 188]": 3,
            "[:else, 125, 294, 10, 306, 13]": 7
          },
          "[:if, 126, 293, 68, 293, 110]": {
            "[:then, 127, 293, 68, 293, 71]": 3,
            "[:else, 128, 293, 68, 293, 110]": 0
          },
          "[:if, 129, 294, 10, 306, 13]": {
            "[:then, 130, 295, 12, 298, 155]": 5,
            "[:else, 131, 300, 12, 305, 76]": 2
          },
          "[:if, 132, 298, 83, 298, 108]": {
            "[:then, 133, 298, 83, 298, 86]": 0,
            "[:else, 134, 298, 83, 298, 108]": 5
          },
          "[:if, 135, 304, 12, 304, 83]": {
            "[:then, 136, 304, 12, 304, 69]": 2,
            "[:else, 137, 304, 12, 304, 83]": 0
          },
          "[:if, 138, 329, 8, 331, 11]": {
            "[:then, 139, 330, 10, 330, 204]": 9,
            "[:else, 140, 329, 8, 331, 11]": 40
          },
          "[:if, 141, 334, 16, 334, 53]": {
            "[:then, 142, 334, 38, 334, 44]": 9,
            "[:else, 143, 334, 47, 334, 53]": 40
          },
          "[:if, 144, 342, 8, 349, 11]": {
            "[:then, 145, 343, 10, 348, 26]": 9,
            "[:else, 146, 342, 8, 349, 11]": 40
          },
          "[:if, 147, 360, 8, 364, 11]": {
            "[:then, 148, 361, 10, 361, 72]": 5,
            "[:else, 149, 362, 8, 364, 11]": 44
          },
          "[:if, 150, 362, 8, 364, 11]": {
            "[:then, 151, 363, 10, 363, 68]": 34,
            "[:else, 152, 362, 8, 364, 11]": 10
          },
          "[:if, 153, 369, 8, 373, 11]": {
            "[:then, 154, 370, 10, 372, 117]": 38,
            "[:else, 155, 369, 8, 373, 11]": 11
          },
          "[:if, 156, 371, 10, 371, 95]": {
            "[:then, 157, 371, 10, 371, 47]": 1,
            "[:else, 158, 371, 10, 371, 95]": 37
          },
          "[:if, 159, 376, 8, 378, 11]": {
            "[:then, 160, 377, 10, 377, 180]": 5,
            "[:else, 161, 376, 8, 378, 11]": 44
          },
          "[:if, 162, 381, 8, 384, 11]": {
            "[:then, 163, 382, 10, 383, 126]": 20,
            "[:else, 164, 381, 8, 384, 11]": 29
          },
          "[:if, 165, 382, 23, 382, 114]": {
            "[:then, 166, 382, 57, 382, 82]": 3,
            "[:else, 167, 382, 85, 382, 114]": 17
          },
          "[:if, 168, 387, 8, 424, 11]": {
            "[:then, 169, 388, 10, 421, 33]": 20,
            "[:else, 170, 422, 8, 424, 11]": 29
          },
          "[:if, 171, 391, 18, 391, 98]": {
            "[:then, 172, 391, 34, 391, 68]": 18,
            "[:else, 173, 391, 71, 391, 98]": 2
          },
          "[:if, 174, 391, 72, 391, 97]": {
            "[:then, 175, 391, 86, 391, 89]": 1,
            "[:else, 176, 391, 92, 391, 97]": 1
          },
          "[:if, 177, 395, 10, 411, 13]": {
            "[:then, 178, 397, 12, 397, 53]": 12,
            "[:else, 179, 398, 10, 411, 13]": 8
          },
          "[:if, 180, 398, 10, 411, 13]": {
            "[:then, 181, 399, 12, 408, 15]": 7,
            "[:else, 182, 410, 12, 410, 61]": 1
          },
          "[:if, 183, 399, 12, 408, 15]": {
            "[:then, 184, 401, 14, 401, 63]": 5,
            "[:else, 185, 402, 12, 408, 15]": 2
          },
          "[:if, 186, 402, 12, 408, 15]": {
            "[:then, 187, 404, 14, 404, 59]": 2,
            "[:else, 188, 407, 14, 407, 55]": 0
          },
          "[:if, 189, 414, 10, 420, 13]": {
            "[:then, 190, 415, 12, 415, 78]": 6,
            "[:else, 191, 416, 10, 420, 13]": 14
          },
          "[:if, 192, 416, 10, 420, 13]": {
            "[:then, 193, 417, 12, 417, 75]": 2,
            "[:else, 194, 419, 12, 419, 71]": 12
          },
          "[:if, 195, 422, 8, 424, 11]": {
            "[:then, 196, 423, 10, 423, 142]": 29,
            "[:else, 197, 422, 8, 424, 11]": 0
          },
          "[:case, 198, 428, 10, 439, 13]": {
            "[:when, 199, 430, 12, 430, 51]": 6,
            "[:when, 200, 432, 12, 432, 57]": 1,
            "[:when, 201, 434, 12, 434, 55]": 1,
            "[:when, 202, 436, 12, 436, 53]": 5,
            "[:else, 203, 438, 12, 438, 53]": 0
          },
          "[:if, 204, 453, 8, 455, 11]": {
            "[:then, 205, 454, 10, 454, 195]": 49,
            "[:else, 206, 453, 8, 455, 11]": 0
          },
          "[:if, 207, 458, 8, 460, 11]": {
            "[:then, 208, 459, 10, 459, 234]": 49,
            "[:else, 209, 458, 8, 460, 11]": 0
          },
          "[:if, 210, 462, 8, 464, 11]": {
            "[:then, 211, 463, 10, 463, 209]": 49,
            "[:else, 212, 462, 8, 464, 11]": 0
          },
          "[:if, 213, 466, 8, 496, 11]": {
            "[:then, 214, 467, 10, 495, 13]": 22,
            "[:else, 215, 466, 8, 496, 11]": 27
          },
          "[:if, 216, 467, 10, 469, 13]": {
            "[:then, 217, 468, 12, 468, 189]": 20,
            "[:else, 218, 467, 10, 469, 13]": 2
          },
          "[:if, 219, 471, 10, 479, 13]": {
            "[:then, 220, 472, 12, 478, 169]": 18,
            "[:else, 221, 471, 10, 479, 13]": 4
          },
          "[:if, 222, 473, 23, 477, 26]": {
            "[:then, 223, 473, 44, 473, 57]": 9,
            "[:else, 224, 474, 23, 477, 26]": 9
          },
          "[:if, 225, 474, 23, 477, 26]": {
            "[:then, 226, 474, 61, 474, 79]": 1,
            "[:else, 227, 475, 23, 477, 26]": 8
          },
          "[:if, 228, 475, 23, 477, 26]": {
            "[:then, 229, 475, 60, 475, 77]": 3,
            "[:else, 230, 476, 28, 476, 81]": 5
          },
          "[:if, 231, 481, 10, 483, 13]": {
            "[:then, 232, 482, 12, 482, 171]": 20,
            "[:else, 233, 481, 10, 483, 13]": 2
          },
          "[:if, 234, 485, 10, 487, 13]": {
            "[:then, 235, 486, 12, 486, 148]": 1,
            "[:else, 236, 485, 10, 487, 13]": 21
          },
          "[:if, 237, 489, 10, 495, 13]": {
            "[:then, 238, 490, 12, 494, 156]": 3,
            "[:else, 239, 489, 10, 495, 13]": 19
          },
          "[:if, 240, 491, 12, 491, 90]": {
            "[:then, 241, 491, 12, 491, 57]": 3,
            "[:else, 242, 491, 12, 491, 90]": 0
          },
          "[:if, 243, 492, 12, 492, 123]": {
            "[:then, 244, 492, 12, 492, 59]": 2,
            "[:else, 245, 492, 12, 492, 123]": 1
          },
          "[:if, 246, 493, 12, 493, 135]": {
            "[:then, 247, 493, 12, 493, 65]": 2,
            "[:else, 248, 493, 12, 493, 135]": 1
          },
          "[:if, 249, 494, 12, 494, 156]": {
            "[:then, 250, 494, 12, 494, 140]": 3,
            "[:else, 251, 494, 12, 494, 156]": 0
          },
          "[:if, 252, 499, 8, 501, 11]": {
            "[:then, 253, 500, 10, 500, 135]": 1,
            "[:else, 254, 499, 8, 501, 11]": 48
          },
          "[:if, 255, 503, 8, 505, 11]": {
            "[:then, 256, 504, 10, 504, 132]": 1,
            "[:else, 257, 503, 8, 505, 11]": 48
          },
          "[:if, 258, 507, 8, 509, 11]": {
            "[:then, 259, 508, 10, 508, 149]": 3,
            "[:else, 260, 507, 8, 509, 11]": 46
          },
          "[:if, 261, 511, 8, 519, 11]": {
            "[:then, 262, 512, 10, 518, 13]": 3,
            "[:else, 263, 511, 8, 519, 11]": 46
          },
          "[:if, 264, 515, 10, 518, 13]": {
            "[:then, 265, 516, 12, 517, 232]": 2,
            "[:else, 266, 515, 10, 518, 13]": 1
          },
          "[:if, 267, 516, 25, 516, 79]": {
            "[:then, 268, 516, 37, 516, 75]": 2,
            "[:else, 269, 516, 78, 516, 79]": 0
          },
          "[:if, 270, 521, 8, 523, 11]": {
            "[:then, 271, 522, 10, 522, 124]": 1,
            "[:else, 272, 521, 8, 523, 11]": 48
          },
          "[:if, 273, 525, 8, 527, 11]": {
            "[:then, 274, 526, 10, 526, 121]": 1,
            "[:else, 275, 525, 8, 527, 11]": 48
          },
          "[:if, 276, 529, 8, 532, 11]": {
            "[:then, 277, 530, 10, 531, 89]": 3,
            "[:else, 278, 529, 8, 532, 11]": 46
          },
          "[:if, 279, 530, 22, 530, 100]": {
            "[:then, 280, 530, 54, 530, 81]": 2,
            "[:else, 281, 530, 84, 530, 100]": 1
          },
          "[:if, 282, 534, 8, 542, 11]": {
            "[:then, 283, 535, 10, 541, 151]": 2,
            "[:else, 284, 534, 8, 542, 11]": 47
          },
          "[:if, 285, 536, 10, 540, 13]": {
            "[:then, 286, 537, 12, 539, 28]": 2,
            "[:else, 287, 536, 10, 540, 13]": 0
          },
          "[:if, 288, 538, 25, 538, 86]": {
            "[:then, 289, 538, 61, 538, 71]": 1,
            "[:else, 290, 538, 74, 538, 86]": 1
          },
          "[:if, 291, 556, 12, 560, 15]": {
            "[:then, 292, 557, 14, 557, 37]": 223,
            "[:else, 293, 556, 12, 560, 15]": 0
          },
          "[:if, 294, 574, 8, 583, 11]": {
            "[:then, 295, 575, 10, 582, 13]": 40,
            "[:else, 296, 574, 8, 583, 11]": 19
          },
          "[:if, 297, 578, 10, 582, 13]": {
            "[:then, 298, 579, 12, 579, 128]": 1,
            "[:else, 299, 580, 10, 582, 13]": 39
          },
          "[:if, 300, 580, 10, 582, 13]": {
            "[:then, 301, 581, 12, 581, 78]": 4,
            "[:else, 302, 580, 10, 582, 13]": 35
          },
          "[:if, 303, 586, 8, 588, 11]": {
            "[:then, 304, 587, 10, 587, 65]": 2,
            "[:else, 305, 586, 8, 588, 11]": 57
          },
          "[:if, 306, 591, 8, 593, 11]": {
            "[:then, 307, 592, 10, 592, 109]": 1,
            "[:else, 308, 591, 8, 593, 11]": 58
          },
          "[:if, 309, 596, 8, 601, 11]": {
            "[:then, 310, 597, 10, 600, 13]": 3,
            "[:else, 311, 596, 8, 601, 11]": 56
          },
          "[:if, 312, 598, 10, 600, 13]": {
            "[:then, 313, 599, 12, 599, 124]": 2,
            "[:else, 314, 598, 10, 600, 13]": 1
          },
          "[:if, 315, 604, 8, 611, 11]": {
            "[:then, 316, 605, 10, 610, 13]": 22,
            "[:else, 317, 604, 8, 611, 11]": 37
          },
          "[:if, 318, 607, 10, 610, 13]": {
            "[:then, 319, 608, 12, 609, 86]": 6,
            "[:else, 320, 607, 10, 610, 13]": 16
          },
          "[:if, 321, 614, 8, 620, 11]": {
            "[:then, 322, 614, 68, 614, 68]": 5,
            "[:else, 323, 617, 8, 620, 11]": 54
          },
          "[:if, 324, 617, 8, 620, 11]": {
            "[:then, 325, 619, 10, 619, 86]": 4,
            "[:else, 326, 617, 8, 620, 11]": 50
          },
          "[:if, 327, 632, 8, 640, 11]": {
            "[:then, 328, 633, 10, 639, 13]": 29,
            "[:else, 329, 632, 8, 640, 11]": 0
          },
          "[:if, 330, 634, 10, 634, 57]": {
            "[:then, 331, 634, 10, 634, 29]": 3,
            "[:else, 332, 634, 10, 634, 57]": 26
          },
          "[:if, 333, 636, 10, 639, 13]": {
            "[:then, 334, 637, 12, 638, 61]": 10,
            "[:else, 335, 636, 10, 639, 13]": 19
          },
          "[:if, 336, 642, 8, 644, 11]": {
            "[:then, 337, 643, 10, 643, 81]": 2,
            "[:else, 338, 642, 8, 644, 11]": 27
          },
          "[:if, 339, 646, 8, 646, 49]": {
            "[:then, 340, 646, 37, 646, 43]": 11,
            "[:else, 341, 646, 46, 646, 49]": 18
          },
          "[:unless, 342, 650, 8, 650, 39]": {
            "[:else, 343, 650, 8, 650, 39]": 29,
            "[:then, 344, 650, 8, 650, 23]": 1
          },
          "[:if, 345, 653, 8, 658, 11]": {
            "[:then, 346, 654, 10, 657, 31]": 16,
            "[:else, 347, 653, 8, 658, 11]": 13
          },
          "[:if, 348, 655, 10, 655, 88]": {
            "[:then, 349, 655, 10, 655, 58]": 13,
            "[:else, 350, 655, 10, 655, 88]": 3
          },
          "[:if, 351, 661, 8, 665, 11]": {
            "[:then, 352, 662, 10, 664, 13]": 3,
            "[:else, 353, 661, 8, 665, 11]": 26
          },
          "[:if, 354, 670, 10, 670, 36]": {
            "[:then, 355, 670, 18, 670, 32]": 12,
            "[:else, 356, 670, 35, 670, 36]": 0
          },
          "[:if, 357, 684, 8, 718, 11]": {
            "[:then, 358, 685, 10, 717, 13]": 48,
            "[:else, 359, 684, 8, 718, 11]": 7
          },
          "[:if, 360, 687, 10, 717, 13]": {
            "[:then, 361, 688, 12, 696, 15]": 16,
            "[:else, 362, 697, 10, 717, 13]": 32
          },
          "[:if, 363, 691, 12, 696, 15]": {
            "[:then, 364, 692, 14, 695, 101]": 16,
            "[:else, 365, 691, 12, 696, 15]": 0
          },
          "[:if, 366, 694, 26, 694, 77]": {
            "[:then, 367, 694, 37, 694, 64]": 15,
            "[:else, 368, 694, 67, 694, 77]": 1
          },
          "[:unless, 369, 695, 14, 695, 101]": {
            "[:else, 370, 695, 14, 695, 101]": 1,
            "[:then, 371, 695, 14, 695, 50]": 15
          },
          "[:if, 372, 697, 10, 717, 13]": {
            "[:then, 373, 698, 12, 716, 15]": 32,
            "[:else, 374, 697, 10, 717, 13]": 0
          },
          "[:if, 375, 703, 12, 703, 101]": {
            "[:then, 376, 703, 12, 703, 78]": 15,
            "[:else, 377, 703, 12, 703, 101]": 17
          },
          "[:if, 378, 712, 12, 716, 15]": {
            "[:then, 379, 713, 14, 713, 120]": 9,
            "[:else, 380, 714, 12, 716, 15]": 23
          },
          "[:if, 381, 714, 12, 716, 15]": {
            "[:then, 382, 715, 14, 715, 107]": 3,
            "[:else, 383, 714, 12, 716, 15]": 20
          },
          "[:if, 384, 721, 8, 725, 11]": {
            "[:then, 385, 722, 10, 724, 13]": 5,
            "[:else, 386, 721, 8, 725, 11]": 50
          },
          "[:if, 387, 731, 8, 734, 11]": {
            "[:then, 388, 732, 10, 733, 64]": 13,
            "[:else, 389, 731, 8, 734, 11]": 22
          },
          "[:if, 390, 735, 8, 738, 11]": {
            "[:then, 391, 736, 10, 737, 65]": 13,
            "[:else, 392, 735, 8, 738, 11]": 22
          },
          "[:if, 393, 739, 8, 741, 11]": {
            "[:then, 394, 740, 10, 740, 70]": 4,
            "[:else, 395, 739, 8, 741, 11]": 31
          },
          "[:if, 396, 743, 8, 745, 11]": {
            "[:then, 397, 744, 10, 744, 75]": 3,
            "[:else, 398, 743, 8, 745, 11]": 32
          },
          "[:if, 399, 760, 8, 769, 11]": {
            "[:then, 400, 761, 10, 768, 13]": 28,
            "[:else, 401, 760, 8, 769, 11]": 10
          },
          "[:if, 402, 761, 10, 768, 13]": {
            "[:then, 403, 762, 12, 767, 13]": 3,
            "[:else, 404, 761, 10, 768, 13]": 25
          },
          "[:if, 405, 772, 8, 782, 11]": {
            "[:then, 406, 773, 10, 781, 13]": 9,
            "[:else, 407, 772, 8, 782, 11]": 29
          },
          "[:if, 408, 774, 10, 781, 13]": {
            "[:then, 409, 775, 12, 780, 13]": 3,
            "[:else, 410, 774, 10, 781, 13]": 6
          },
          "[:if, 411, 785, 8, 809, 11]": {
            "[:then, 412, 786, 10, 808, 13]": 26,
            "[:else, 413, 785, 8, 809, 11]": 12
          },
          "[:if, 414, 792, 10, 808, 13]": {
            "[:then, 415, 793, 12, 798, 13]": 11,
            "[:else, 416, 801, 12, 807, 13]": 15
          },
          "[:if, 417, 812, 8, 826, 11]": {
            "[:then, 418, 813, 10, 818, 11]": 5,
            "[:else, 419, 819, 8, 826, 11]": 33
          },
          "[:if, 420, 819, 8, 826, 11]": {
            "[:then, 421, 820, 10, 825, 11]": 2,
            "[:else, 422, 819, 8, 826, 11]": 31
          },
          "[:if, 423, 835, 8, 851, 11]": {
            "[:then, 424, 836, 10, 850, 13]": 18,
            "[:else, 425, 835, 8, 851, 11]": 58
          },
          "[:if, 426, 837, 17, 837, 102]": {
            "[:then, 427, 837, 28, 837, 75]": 12,
            "[:else, 428, 837, 78, 837, 102]": 6
          },
          "[:if, 429, 840, 10, 850, 13]": {
            "[:then, 430, 841, 12, 849, 13]": 14,
            "[:else, 431, 840, 10, 850, 13]": 4
          },
          "[:if, 432, 842, 29, 842, 97]": {
            "[:then, 433, 842, 48, 842, 70]": 14,
            "[:else, 434, 842, 73, 842, 97]": 0
          },
          "[:if, 435, 847, 141, 847, 208]": {
            "[:then, 436, 847, 155, 847, 202]": 9,
            "[:else, 437, 847, 205, 847, 208]": 5
          },
          "[:if, 438, 854, 8, 862, 11]": {
            "[:then, 439, 855, 10, 861, 11]": 2,
            "[:else, 440, 854, 8, 862, 11]": 74
          },
          "[:if, 441, 865, 8, 872, 11]": {
            "[:then, 442, 866, 10, 871, 11]": 1,
            "[:else, 443, 865, 8, 872, 11]": 75
          },
          "[:if, 444, 875, 8, 882, 11]": {
            "[:then, 445, 876, 10, 881, 11]": 1,
            "[:else, 446, 875, 8, 882, 11]": 75
          },
          "[:if, 447, 885, 8, 900, 11]": {
            "[:then, 448, 886, 10, 899, 13]": 61,
            "[:else, 449, 885, 8, 900, 11]": 15
          },
          "[:if, 450, 889, 18, 889, 63]": {
            "[:then, 451, 889, 34, 889, 59]": 61,
            "[:else, 452, 889, 62, 889, 63]": 0
          },
          "[:if, 453, 891, 10, 899, 13]": {
            "[:then, 454, 892, 12, 898, 13]": 3,
            "[:else, 455, 891, 10, 899, 13]": 58
          },
          "[:if, 456, 895, 44, 895, 107]": {
            "[:then, 457, 895, 56, 895, 76]": 2,
            "[:else, 458, 895, 79, 895, 107]": 1
          },
          "[:if, 459, 903, 8, 912, 11]": {
            "[:then, 460, 904, 10, 911, 13]": 2,
            "[:else, 461, 903, 8, 912, 11]": 74
          },
          "[:if, 462, 904, 10, 911, 13]": {
            "[:then, 463, 905, 12, 910, 13]": 1,
            "[:else, 464, 904, 10, 911, 13]": 1
          },
          "[:if, 465, 915, 8, 922, 11]": {
            "[:then, 466, 916, 10, 921, 11]": 1,
            "[:else, 467, 915, 8, 922, 11]": 75
          },
          "[:if, 468, 925, 8, 933, 11]": {
            "[:then, 469, 926, 10, 932, 11]": 5,
            "[:else, 470, 925, 8, 933, 11]": 71
          },
          "[:if, 471, 928, 22, 928, 56]": {
            "[:then, 472, 928, 36, 928, 45]": 2,
            "[:else, 473, 928, 48, 928, 56]": 3
          },
          "[:if, 474, 930, 90, 930, 149]": {
            "[:then, 475, 930, 102, 930, 144]": 4,
            "[:else, 476, 930, 147, 930, 149]": 1
          },
          "[:if, 477, 936, 8, 946, 11]": {
            "[:then, 478, 937, 10, 945, 13]": 6,
            "[:else, 479, 936, 8, 946, 11]": 70
          },
          "[:if, 480, 937, 18, 937, 83]": {
            "[:then, 481, 937, 29, 937, 56]": 5,
            "[:else, 482, 937, 59, 937, 83]": 1
          },
          "[:unless, 483, 938, 10, 945, 13]": {
            "[:else, 484, 938, 10, 945, 13]": 1,
            "[:then, 485, 939, 12, 944, 13]": 5
          },
          "[:if, 486, 940, 24, 940, 58]": {
            "[:then, 487, 940, 38, 940, 47]": 3,
            "[:else, 488, 940, 50, 940, 58]": 2
          },
          "[:if, 489, 942, 124, 942, 188]": {
            "[:then, 490, 942, 136, 942, 183]": 4,
            "[:else, 491, 942, 186, 942, 188]": 1
          },
          "[:if, 492, 949, 8, 957, 11]": {
            "[:then, 493, 950, 10, 956, 11]": 1,
            "[:else, 494, 949, 8, 957, 11]": 75
          },
          "[:if, 495, 960, 8, 975, 11]": {
            "[:then, 496, 961, 10, 974, 13]": 5,
            "[:else, 497, 960, 8, 975, 11]": 71
          },
          "[:if, 498, 963, 10, 974, 13]": {
            "[:then, 499, 964, 12, 973, 15]": 4,
            "[:else, 500, 963, 10, 974, 13]": 1
          },
          "[:if, 501, 965, 12, 973, 15]": {
            "[:then, 502, 966, 14, 972, 15]": 3,
            "[:else, 503, 965, 12, 973, 15]": 1
          },
          "[:if, 504, 968, 26, 968, 61]": {
            "[:then, 505, 968, 45, 968, 53]": 1,
            "[:else, 506, 968, 56, 968, 61]": 2
          },
          "[:if, 507, 978, 8, 980, 11]": {
            "[:then, 508, 979, 10, 979, 83]": 4,
            "[:else, 509, 978, 8, 980, 11]": 72
          },
          "[:unless, 510, 984, 8, 984, 48]": {
            "[:else, 511, 984, 8, 984, 48]": 35,
            "[:then, 512, 984, 8, 984, 17]": 2
          }
        }
      }
    },
    "timestamp": 1771942807
  }
}
